Not using distributed mode
Namespace(aa='rand-m9-mstd0.5-inc1', amp=True, batch_size=64, cfg='/home/zzy/TF_TAS/experiments/search_space/space-T.yaml', change_qkv=True, clip_grad=None, color_jitter=0.4, cooldown_epochs=10, cutmix=1.0, cutmix_minmax=None, data_path='/data02/ImageNet2012', data_set='IMNET', decay_epochs=30, decay_rate=0.1, device='cuda', dist_eval=True, dist_url='env://', distributed=False, drop=0.0, drop_block=None, drop_path=0.1, eval=False, gp=True, inat_category='name', indicator_name=['snip', 'grasp', 'NASWOT', 'te_nas'], input_size=224, lr=0.0005, lr_noise=None, lr_noise_pct=0.67, lr_noise_std=1.0, lr_power=1.0, max_epochs=1, max_relative_position=14, min_lr=1e-05, min_param_limits=3, mixup=0.8, mixup_mode='batch', mixup_prob=1.0, mixup_switch_prob=0.5, model='', model_ema=False, model_ema_decay=0.99996, model_ema_force_cpu=False, momentum=0.9, no_abs_pos=False, no_prefetcher=False, num_workers=10, opt='adamw', opt_betas=None, opt_eps=1e-08, output_dir='/home/zzy/TF_TAS/OUTPUT/search', param_limits=23, patch_size=16, patience_epochs=10, pin_mem=True, platform='pai', population_num=100, post_norm=False, recount=1, relative_position=True, remode='pixel', repeated_aug=True, reprob=0.25, resplit=False, resume='/home/zzy/TF_TAS/CHECKPOINT/supernet-tiny.pth', rpe_type='bias', scale=False, sched='cosine', seed=0, smoothing=0.1, start_epoch=0, teacher_model='', train_interpolation='bicubic', warmup_epochs=5, warmup_lr=1e-06, weight_decay=0.05, world_size=1)
{'SUPERNET': {'MLP_RATIO': 4.0, 'NUM_HEADS': 4, 'EMBED_DIM': 256, 'DEPTH': 14}, 'SEARCH_SPACE': {'MLP_RATIO': [3.5, 4], 'NUM_HEADS': [3, 4], 'DEPTH': [12, 13, 14], 'EMBED_DIM': [192, 216, 240]}}
number of params: 11669224
resume from checkpoint: /home/zzy/TF_TAS/CHECKPOINT/supernet-tiny.pth
random select ........
rank: 0 {'mlp_ratio': [4, 3.5, 4, 4, 4, 4, 4, 4, 3.5, 3.5, 4, 3.5, 3.5], 'num_heads': [4, 3, 4, 3, 3, 4, 4, 3, 4, 4, 4, 3, 4], 'embed_dim': [216, 216, 216, 216, 216, 216, 216, 216, 216, 216, 216, 216, 216], 'layer_num': 13, 'id': 0} 7.780564
1
{'id': 0, 'indicator': {'grasp': -17475.703125, 'te_nas': -965562.3125, 'NASWOT': 800.5816414551215, 'snip': 12592.3369140625}, 'cand': {'mlp_ratio': [4, 3.5, 4, 4, 4, 4, 4, 4, 3.5, 3.5, 4, 3.5, 3.5], 'num_heads': [4, 3, 4, 3, 3, 4, 4, 3, 4, 4, 4, 3, 4], 'embed_dim': [216, 216, 216, 216, 216, 216, 216, 216, 216, 216, 216, 216, 216], 'layer_num': 13, 'id': 0}}
rank: 0 {'mlp_ratio': [4, 3.5, 3.5, 3.5, 4, 3.5, 4, 4, 3.5, 4, 3.5, 3.5, 3.5, 3.5], 'num_heads': [3, 4, 3, 3, 4, 4, 3, 4, 4, 3, 4, 3, 4, 4], 'embed_dim': [192, 192, 192, 192, 192, 192, 192, 192, 192, 192, 192, 192, 192, 192], 'layer_num': 14, 'id': 1} 6.776776
2
{'id': 1, 'indicator': {'grasp': 418.40838623046875, 'te_nas': -1037221.125, 'NASWOT': 795.6890452195344, 'snip': 6592.35498046875}, 'cand': {'mlp_ratio': [4, 3.5, 3.5, 3.5, 4, 3.5, 4, 4, 3.5, 4, 3.5, 3.5, 3.5, 3.5], 'num_heads': [3, 4, 3, 3, 4, 4, 3, 4, 4, 3, 4, 3, 4, 4], 'embed_dim': [192, 192, 192, 192, 192, 192, 192, 192, 192, 192, 192, 192, 192, 192], 'layer_num': 14, 'id': 1}}
rank: 0 {'mlp_ratio': [4, 4, 3.5, 4, 3.5, 3.5, 3.5, 3.5, 4, 4, 3.5, 3.5, 3.5, 3.5], 'num_heads': [3, 3, 4, 4, 3, 3, 4, 4, 4, 4, 4, 3, 4, 3], 'embed_dim': [216, 216, 216, 216, 216, 216, 216, 216, 216, 216, 216, 216, 216, 216], 'layer_num': 14, 'id': 2} 8.14306
3
{'id': 2, 'indicator': {'grasp': -9554.12109375, 'te_nas': -864822.5625, 'NASWOT': 802.8123534183867, 'snip': 8514.0439453125}, 'cand': {'mlp_ratio': [4, 4, 3.5, 4, 3.5, 3.5, 3.5, 3.5, 4, 4, 3.5, 3.5, 3.5, 3.5], 'num_heads': [3, 3, 4, 4, 3, 3, 4, 4, 4, 4, 4, 3, 4, 3], 'embed_dim': [216, 216, 216, 216, 216, 216, 216, 216, 216, 216, 216, 216, 216, 216], 'layer_num': 14, 'id': 2}}
rank: 0 {'mlp_ratio': [4, 3.5, 3.5, 3.5, 4, 3.5, 3.5, 4, 3.5, 4, 4, 3.5, 3.5, 3.5], 'num_heads': [3, 3, 3, 3, 3, 3, 3, 4, 3, 4, 3, 3, 3, 3], 'embed_dim': [192, 192, 192, 192, 192, 192, 192, 192, 192, 192, 192, 192, 192, 192], 'layer_num': 14, 'id': 3} 6.480712
4
{'id': 3, 'indicator': {'grasp': -1334.633056640625, 'te_nas': -1166734.0, 'NASWOT': 795.0431175058054, 'snip': 6338.9228515625}, 'cand': {'mlp_ratio': [4, 3.5, 3.5, 3.5, 4, 3.5, 3.5, 4, 3.5, 4, 4, 3.5, 3.5, 3.5], 'num_heads': [3, 3, 3, 3, 3, 3, 3, 4, 3, 4, 3, 3, 3, 3], 'embed_dim': [192, 192, 192, 192, 192, 192, 192, 192, 192, 192, 192, 192, 192, 192], 'layer_num': 14, 'id': 3}}
rank: 0 {'mlp_ratio': [3.5, 4, 3.5, 3.5, 3.5, 4, 3.5, 4, 3.5, 3.5, 3.5, 4, 4, 4], 'num_heads': [3, 3, 4, 3, 3, 4, 3, 4, 4, 4, 3, 3, 3, 3], 'embed_dim': [192, 192, 192, 192, 192, 192, 192, 192, 192, 192, 192, 192, 192, 192], 'layer_num': 14, 'id': 4} 6.665704
5
{'id': 4, 'indicator': {'grasp': 5126.40673828125, 'te_nas': -1206578.625, 'NASWOT': 794.74261644986, 'snip': 7520.521484375}, 'cand': {'mlp_ratio': [3.5, 4, 3.5, 3.5, 3.5, 4, 3.5, 4, 3.5, 3.5, 3.5, 4, 4, 4], 'num_heads': [3, 3, 4, 3, 3, 4, 3, 4, 4, 4, 3, 3, 3, 3], 'embed_dim': [192, 192, 192, 192, 192, 192, 192, 192, 192, 192, 192, 192, 192, 192], 'layer_num': 14, 'id': 4}}
rank: 0 {'mlp_ratio': [4, 3.5, 4, 3.5, 3.5, 4, 4, 4, 4, 4, 4, 3.5, 3.5], 'num_heads': [4, 3, 4, 3, 4, 3, 3, 4, 4, 4, 4, 3, 4], 'embed_dim': [216, 216, 216, 216, 216, 216, 216, 216, 216, 216, 216, 216, 216], 'layer_num': 13, 'id': 5} 7.780564
6
{'id': 5, 'indicator': {'grasp': -608797.625, 'te_nas': -1250441.875, 'NASWOT': 801.2281274020129, 'snip': 9238.8662109375}, 'cand': {'mlp_ratio': [4, 3.5, 4, 3.5, 3.5, 4, 4, 4, 4, 4, 4, 3.5, 3.5], 'num_heads': [4, 3, 4, 3, 4, 3, 3, 4, 4, 4, 4, 3, 4], 'embed_dim': [216, 216, 216, 216, 216, 216, 216, 216, 216, 216, 216, 216, 216], 'layer_num': 13, 'id': 5}}
rank: 0 {'mlp_ratio': [4, 3.5, 3.5, 3.5, 4, 3.5, 3.5, 3.5, 4, 4, 4, 3.5, 4, 4], 'num_heads': [3, 3, 4, 3, 4, 3, 4, 4, 3, 3, 4, 4, 4, 4], 'embed_dim': [192, 192, 192, 192, 192, 192, 192, 192, 192, 192, 192, 192, 192, 192], 'layer_num': 14, 'id': 6} 6.850696
7
{'id': 6, 'indicator': {'grasp': -71957.4453125, 'te_nas': -1168156.25, 'NASWOT': 795.8964688940976, 'snip': 7008.818359375}, 'cand': {'mlp_ratio': [4, 3.5, 3.5, 3.5, 4, 3.5, 3.5, 3.5, 4, 4, 4, 3.5, 4, 4], 'num_heads': [3, 3, 4, 3, 4, 3, 4, 4, 3, 3, 4, 4, 4, 4], 'embed_dim': [192, 192, 192, 192, 192, 192, 192, 192, 192, 192, 192, 192, 192, 192], 'layer_num': 14, 'id': 6}}
rank: 0 {'mlp_ratio': [3.5, 3.5, 3.5, 3.5, 4, 4, 4, 3.5, 3.5, 3.5, 3.5, 3.5, 3.5], 'num_heads': [3, 3, 4, 4, 3, 3, 4, 4, 3, 3, 4, 4, 3], 'embed_dim': [216, 216, 216, 216, 216, 216, 216, 216, 216, 216, 216, 216, 216], 'layer_num': 13, 'id': 7} 7.435768
8
{'id': 7, 'indicator': {'grasp': -53117.78515625, 'te_nas': -962802.125, 'NASWOT': 797.1908027709876, 'snip': 7562.0537109375}, 'cand': {'mlp_ratio': [3.5, 3.5, 3.5, 3.5, 4, 4, 4, 3.5, 3.5, 3.5, 3.5, 3.5, 3.5], 'num_heads': [3, 3, 4, 4, 3, 3, 4, 4, 3, 3, 4, 4, 3], 'embed_dim': [216, 216, 216, 216, 216, 216, 216, 216, 216, 216, 216, 216, 216], 'layer_num': 13, 'id': 7}}
rank: 0 {'mlp_ratio': [4, 3.5, 3.5, 4, 3.5, 3.5, 3.5, 3.5, 4, 4, 4, 3.5], 'num_heads': [4, 4, 4, 4, 3, 3, 4, 4, 3, 3, 3, 4], 'embed_dim': [216, 216, 216, 216, 216, 216, 216, 216, 216, 216, 216, 216], 'layer_num': 12, 'id': 8} 7.081996
9
{'id': 8, 'indicator': {'grasp': 880998.375, 'te_nas': -1173031.5, 'NASWOT': 798.6863726880239, 'snip': 10940.1767578125}, 'cand': {'mlp_ratio': [4, 3.5, 3.5, 4, 3.5, 3.5, 3.5, 3.5, 4, 4, 4, 3.5], 'num_heads': [4, 4, 4, 4, 3, 3, 4, 4, 3, 3, 3, 4], 'embed_dim': [216, 216, 216, 216, 216, 216, 216, 216, 216, 216, 216, 216], 'layer_num': 12, 'id': 8}}
rank: 0 {'mlp_ratio': [4, 3.5, 4, 3.5, 3.5, 4, 3.5, 3.5, 4, 4, 4, 3.5, 4], 'num_heads': [3, 4, 3, 3, 4, 3, 3, 4, 4, 4, 4, 4, 3], 'embed_dim': [192, 192, 192, 192, 192, 192, 192, 192, 192, 192, 192, 192, 192], 'layer_num': 13, 'id': 9} 6.385768
10
{'id': 9, 'indicator': {'grasp': -35065.84765625, 'te_nas': -909271.5, 'NASWOT': 794.0404615784745, 'snip': 5868.78466796875}, 'cand': {'mlp_ratio': [4, 3.5, 4, 3.5, 3.5, 4, 3.5, 3.5, 4, 4, 4, 3.5, 4], 'num_heads': [3, 4, 3, 3, 4, 3, 3, 4, 4, 4, 4, 4, 3], 'embed_dim': [192, 192, 192, 192, 192, 192, 192, 192, 192, 192, 192, 192, 192], 'layer_num': 13, 'id': 9}}
rank: 0 {'mlp_ratio': [4, 4, 4, 4, 3.5, 4, 3.5, 4, 4, 3.5, 4, 4, 3.5, 3.5], 'num_heads': [4, 3, 3, 3, 3, 3, 3, 4, 3, 3, 4, 4, 4, 4], 'embed_dim': [240, 240, 240, 240, 240, 240, 240, 240, 240, 240, 240, 240, 240, 240], 'layer_num': 14, 'id': 10} 9.735616
11
{'id': 10, 'indicator': {'grasp': 758190.75, 'te_nas': -751966.9375, 'NASWOT': 820.8706353497481, 'snip': 13504.5634765625}, 'cand': {'mlp_ratio': [4, 4, 4, 4, 3.5, 4, 3.5, 4, 4, 3.5, 4, 4, 3.5, 3.5], 'num_heads': [4, 3, 3, 3, 3, 3, 3, 4, 3, 3, 4, 4, 4, 4], 'embed_dim': [240, 240, 240, 240, 240, 240, 240, 240, 240, 240, 240, 240, 240, 240], 'layer_num': 14, 'id': 10}}
rank: 0 {'mlp_ratio': [3.5, 4, 3.5, 4, 3.5, 4, 3.5, 4, 3.5, 4, 3.5, 3.5, 3.5, 4], 'num_heads': [3, 3, 4, 4, 4, 3, 3, 3, 3, 3, 3, 4, 4, 4], 'embed_dim': [240, 240, 240, 240, 240, 240, 240, 240, 240, 240, 240, 240, 240, 240], 'layer_num': 14, 'id': 11} 9.562456
12
{'id': 11, 'indicator': {'grasp': 3237190.0, 'te_nas': -888155.125, 'NASWOT': 814.0783078543955, 'snip': 13731.9794921875}, 'cand': {'mlp_ratio': [3.5, 4, 3.5, 4, 3.5, 4, 3.5, 4, 3.5, 4, 3.5, 3.5, 3.5, 4], 'num_heads': [3, 3, 4, 4, 4, 3, 3, 3, 3, 3, 3, 4, 4, 4], 'embed_dim': [240, 240, 240, 240, 240, 240, 240, 240, 240, 240, 240, 240, 240, 240], 'layer_num': 14, 'id': 11}}
rank: 0 {'mlp_ratio': [3.5, 4, 3.5, 4, 4, 4, 4, 4, 4, 3.5, 3.5, 3.5], 'num_heads': [4, 4, 4, 3, 3, 4, 3, 4, 4, 4, 3, 3], 'embed_dim': [240, 240, 240, 240, 240, 240, 240, 240, 240, 240, 240, 240], 'layer_num': 12, 'id': 12} 8.485696
13
{'id': 12, 'indicator': {'grasp': 724653.8125, 'te_nas': -975535.625, 'NASWOT': 812.5179162922802, 'snip': 11416.3984375}, 'cand': {'mlp_ratio': [3.5, 4, 3.5, 4, 4, 4, 4, 4, 4, 3.5, 3.5, 3.5], 'num_heads': [4, 4, 4, 3, 3, 4, 3, 4, 4, 4, 3, 3], 'embed_dim': [240, 240, 240, 240, 240, 240, 240, 240, 240, 240, 240, 240], 'layer_num': 12, 'id': 12}}
rank: 0 {'mlp_ratio': [3.5, 3.5, 3.5, 3.5, 4, 3.5, 4, 4, 3.5, 3.5, 4, 4], 'num_heads': [4, 3, 3, 3, 4, 3, 4, 4, 4, 4, 3, 3], 'embed_dim': [240, 240, 240, 240, 240, 240, 240, 240, 240, 240, 240, 240], 'layer_num': 12, 'id': 13} 8.308624
14
{'id': 13, 'indicator': {'grasp': -2106048.5, 'te_nas': -706357.5, 'NASWOT': 809.405319556292, 'snip': 13031.748046875}, 'cand': {'mlp_ratio': [3.5, 3.5, 3.5, 3.5, 4, 3.5, 4, 4, 3.5, 3.5, 4, 4], 'num_heads': [4, 3, 3, 3, 4, 3, 4, 4, 4, 4, 3, 3], 'embed_dim': [240, 240, 240, 240, 240, 240, 240, 240, 240, 240, 240, 240], 'layer_num': 12, 'id': 13}}
rank: 0 {'mlp_ratio': [3.5, 4, 4, 4, 3.5, 4, 4, 4, 4, 4, 4, 3.5], 'num_heads': [3, 3, 3, 4, 4, 3, 3, 4, 4, 3, 4, 3], 'embed_dim': [240, 240, 240, 240, 240, 240, 240, 240, 240, 240, 240, 240], 'layer_num': 12, 'id': 14} 8.477872
15
{'id': 14, 'indicator': {'grasp': 1394245.5, 'te_nas': -892387.375, 'NASWOT': 815.7631558764929, 'snip': 10695.03125}, 'cand': {'mlp_ratio': [3.5, 4, 4, 4, 3.5, 4, 4, 4, 4, 4, 4, 3.5], 'num_heads': [3, 3, 3, 4, 4, 3, 3, 4, 4, 3, 4, 3], 'embed_dim': [240, 240, 240, 240, 240, 240, 240, 240, 240, 240, 240, 240], 'layer_num': 12, 'id': 14}}
rank: 0 {'mlp_ratio': [3.5, 4, 4, 3.5, 4, 4, 4, 3.5, 3.5, 4, 3.5, 3.5, 3.5, 3.5], 'num_heads': [4, 3, 4, 3, 4, 4, 3, 3, 4, 4, 3, 4, 3, 4], 'embed_dim': [216, 216, 216, 216, 216, 216, 216, 216, 216, 216, 216, 216, 216, 216], 'layer_num': 14, 'id': 15} 8.189824
16
{'id': 15, 'indicator': {'grasp': 1780796.5, 'te_nas': -1200536.5, 'NASWOT': 803.0699381148758, 'snip': 9088.5927734375}, 'cand': {'mlp_ratio': [3.5, 4, 4, 3.5, 4, 4, 4, 3.5, 3.5, 4, 3.5, 3.5, 3.5, 3.5], 'num_heads': [4, 3, 4, 3, 4, 4, 3, 3, 4, 4, 3, 4, 3, 4], 'embed_dim': [216, 216, 216, 216, 216, 216, 216, 216, 216, 216, 216, 216, 216, 216], 'layer_num': 14, 'id': 15}}
rank: 0 {'mlp_ratio': [3.5, 3.5, 3.5, 4, 4, 4, 3.5, 4, 4, 3.5, 3.5, 3.5, 4, 4], 'num_heads': [3, 3, 3, 3, 4, 4, 3, 3, 4, 4, 3, 3, 4, 3], 'embed_dim': [192, 192, 192, 192, 192, 192, 192, 192, 192, 192, 192, 192, 192, 192], 'layer_num': 14, 'id': 16} 6.702664
17
{'id': 16, 'indicator': {'grasp': 8026.32958984375, 'te_nas': -1276648.375, 'NASWOT': 795.1572406950004, 'snip': 6885.2197265625}, 'cand': {'mlp_ratio': [3.5, 3.5, 3.5, 4, 4, 4, 3.5, 4, 4, 3.5, 3.5, 3.5, 4, 4], 'num_heads': [3, 3, 3, 3, 4, 4, 3, 3, 4, 4, 3, 3, 4, 3], 'embed_dim': [192, 192, 192, 192, 192, 192, 192, 192, 192, 192, 192, 192, 192, 192], 'layer_num': 14, 'id': 16}}
rank: 0 {'mlp_ratio': [3.5, 3.5, 4, 4, 4, 3.5, 4, 4, 4, 3.5, 4, 3.5, 3.5], 'num_heads': [4, 3, 4, 4, 3, 3, 3, 4, 3, 3, 3, 3, 3], 'embed_dim': [240, 240, 240, 240, 240, 240, 240, 240, 240, 240, 240, 240, 240], 'layer_num': 13, 'id': 17} 8.898856
18
{'id': 17, 'indicator': {'grasp': 5468453.5, 'te_nas': -863756.8125, 'NASWOT': 813.138939968221, 'snip': 11208.490234375}, 'cand': {'mlp_ratio': [3.5, 3.5, 4, 4, 4, 3.5, 4, 4, 4, 3.5, 4, 3.5, 3.5], 'num_heads': [4, 3, 4, 4, 3, 3, 3, 4, 3, 3, 3, 3, 3], 'embed_dim': [240, 240, 240, 240, 240, 240, 240, 240, 240, 240, 240, 240, 240], 'layer_num': 13, 'id': 17}}
rank: 0 {'mlp_ratio': [3.5, 3.5, 4, 4, 3.5, 3.5, 3.5, 3.5, 4, 3.5, 4, 4, 4, 3.5], 'num_heads': [3, 3, 4, 4, 4, 4, 4, 4, 3, 3, 3, 4, 3, 4], 'embed_dim': [192, 192, 192, 192, 192, 192, 192, 192, 192, 192, 192, 192, 192, 192], 'layer_num': 14, 'id': 18} 6.813736
19
{'id': 18, 'indicator': {'grasp': -8328.70703125, 'te_nas': -1171622.375, 'NASWOT': 795.542445992002, 'snip': 6399.29541015625}, 'cand': {'mlp_ratio': [3.5, 3.5, 4, 4, 3.5, 3.5, 3.5, 3.5, 4, 3.5, 4, 4, 4, 3.5], 'num_heads': [3, 3, 4, 4, 4, 4, 4, 4, 3, 3, 3, 4, 3, 4], 'embed_dim': [192, 192, 192, 192, 192, 192, 192, 192, 192, 192, 192, 192, 192, 192], 'layer_num': 14, 'id': 18}}
rank: 0 {'mlp_ratio': [3.5, 4, 3.5, 3.5, 3.5, 4, 4, 4, 3.5, 3.5, 3.5, 4], 'num_heads': [3, 3, 3, 4, 4, 4, 3, 4, 4, 4, 3, 3], 'embed_dim': [216, 216, 216, 216, 216, 216, 216, 216, 216, 216, 216, 216], 'layer_num': 12, 'id': 19} 7.026508
20
{'id': 19, 'indicator': {'grasp': -128183.8515625, 'te_nas': -1472304.25, 'NASWOT': 797.9052023891239, 'snip': 8350.57421875}, 'cand': {'mlp_ratio': [3.5, 4, 3.5, 3.5, 3.5, 4, 4, 4, 3.5, 3.5, 3.5, 4], 'num_heads': [3, 3, 3, 4, 4, 4, 3, 4, 4, 4, 3, 3], 'embed_dim': [216, 216, 216, 216, 216, 216, 216, 216, 216, 216, 216, 216], 'layer_num': 12, 'id': 19}}
rank: 0 {'mlp_ratio': [4, 3.5, 4, 4, 3.5, 4, 4, 4, 3.5, 4, 4, 4, 3.5, 3.5], 'num_heads': [3, 4, 3, 3, 4, 4, 3, 4, 4, 3, 3, 4, 4, 3], 'embed_dim': [216, 216, 216, 216, 216, 216, 216, 216, 216, 216, 216, 216, 216, 216], 'layer_num': 14, 'id': 0} 8.274628
21
{'id': 0, 'indicator': {'grasp': -1999157.625, 'te_nas': -1127500.375, 'NASWOT': 805.8878982981478, 'snip': 10538.28125}, 'cand': {'mlp_ratio': [4, 3.5, 4, 4, 3.5, 4, 4, 4, 3.5, 4, 4, 4, 3.5, 3.5], 'num_heads': [3, 4, 3, 3, 4, 4, 3, 4, 4, 3, 3, 4, 4, 3], 'embed_dim': [216, 216, 216, 216, 216, 216, 216, 216, 216, 216, 216, 216, 216, 216], 'layer_num': 14, 'id': 0}}
rank: 0 {'mlp_ratio': [3.5, 4, 3.5, 4, 3.5, 4, 4, 3.5, 3.5, 4, 3.5, 4, 3.5], 'num_heads': [4, 4, 3, 4, 3, 4, 4, 3, 3, 4, 3, 3, 4], 'embed_dim': [216, 216, 216, 216, 216, 216, 216, 216, 216, 216, 216, 216, 216], 'layer_num': 13, 'id': 1} 7.631548
22
{'id': 1, 'indicator': {'grasp': 399599.6875, 'te_nas': -1276029.625, 'NASWOT': 799.2056906243079, 'snip': 8538.732421875}, 'cand': {'mlp_ratio': [3.5, 4, 3.5, 4, 3.5, 4, 4, 3.5, 3.5, 4, 3.5, 4, 3.5], 'num_heads': [4, 4, 3, 4, 3, 4, 4, 3, 3, 4, 3, 3, 4], 'embed_dim': [216, 216, 216, 216, 216, 216, 216, 216, 216, 216, 216, 216, 216], 'layer_num': 13, 'id': 1}}
rank: 0 {'mlp_ratio': [4, 4, 3.5, 4, 4, 4, 3.5, 3.5, 3.5, 3.5, 4, 4, 4, 3.5], 'num_heads': [3, 3, 3, 4, 4, 4, 3, 3, 3, 4, 4, 4, 4, 4], 'embed_dim': [216, 216, 216, 216, 216, 216, 216, 216, 216, 216, 216, 216, 216, 216], 'layer_num': 14, 'id': 2} 8.283352
23
{'id': 2, 'indicator': {'grasp': -36590.60546875, 'te_nas': -1056363.875, 'NASWOT': 804.6652029464926, 'snip': 8956.5703125}, 'cand': {'mlp_ratio': [4, 4, 3.5, 4, 4, 4, 3.5, 3.5, 3.5, 3.5, 4, 4, 4, 3.5], 'num_heads': [3, 3, 3, 4, 4, 4, 3, 3, 3, 4, 4, 4, 4, 4], 'embed_dim': [216, 216, 216, 216, 216, 216, 216, 216, 216, 216, 216, 216, 216, 216], 'layer_num': 14, 'id': 2}}
rank: 0 {'mlp_ratio': [3.5, 3.5, 3.5, 3.5, 4, 4, 4, 3.5, 4, 4, 4, 4, 3.5, 4], 'num_heads': [4, 4, 4, 3, 4, 4, 3, 4, 3, 3, 3, 4, 4, 4], 'embed_dim': [192, 192, 192, 192, 192, 192, 192, 192, 192, 192, 192, 192, 192, 192], 'layer_num': 14, 'id': 3} 6.937
24
{'id': 3, 'indicator': {'grasp': -39177.09765625, 'te_nas': -1089701.25, 'NASWOT': 796.0420292823447, 'snip': 7413.89404296875}, 'cand': {'mlp_ratio': [3.5, 3.5, 3.5, 3.5, 4, 4, 4, 3.5, 4, 4, 4, 4, 3.5, 4], 'num_heads': [4, 4, 4, 3, 4, 4, 3, 4, 3, 3, 3, 4, 4, 4], 'embed_dim': [192, 192, 192, 192, 192, 192, 192, 192, 192, 192, 192, 192, 192, 192], 'layer_num': 14, 'id': 3}}
rank: 0 {'mlp_ratio': [3.5, 3.5, 4, 3.5, 4, 3.5, 3.5, 3.5, 4, 4, 3.5, 3.5, 4, 3.5], 'num_heads': [3, 4, 4, 4, 4, 3, 4, 4, 4, 3, 4, 3, 4, 3], 'embed_dim': [192, 192, 192, 192, 192, 192, 192, 192, 192, 192, 192, 192, 192, 192], 'layer_num': 14, 'id': 4} 6.82612
25
{'id': 4, 'indicator': {'grasp': -42071.85546875, 'te_nas': -890874.6875, 'NASWOT': 796.0369164302192, 'snip': 7329.23095703125}, 'cand': {'mlp_ratio': [3.5, 3.5, 4, 3.5, 4, 3.5, 3.5, 3.5, 4, 4, 3.5, 3.5, 4, 3.5], 'num_heads': [3, 4, 4, 4, 4, 3, 4, 4, 4, 3, 4, 3, 4, 3], 'embed_dim': [192, 192, 192, 192, 192, 192, 192, 192, 192, 192, 192, 192, 192, 192], 'layer_num': 14, 'id': 4}}
rank: 0 {'mlp_ratio': [4, 4, 4, 4, 4, 4, 3.5, 3.5, 4, 3.5, 3.5, 4], 'num_heads': [3, 3, 3, 3, 4, 3, 3, 3, 4, 3, 4, 4], 'embed_dim': [216, 216, 216, 216, 216, 216, 216, 216, 216, 216, 216, 216], 'layer_num': 12, 'id': 5} 7.055824
26
{'id': 5, 'indicator': {'grasp': -237234.546875, 'te_nas': -1074267.0, 'NASWOT': 800.5266350222558, 'snip': 9066.9501953125}, 'cand': {'mlp_ratio': [4, 4, 4, 4, 4, 4, 3.5, 3.5, 4, 3.5, 3.5, 4], 'num_heads': [3, 3, 3, 3, 4, 3, 3, 3, 4, 3, 4, 4], 'embed_dim': [216, 216, 216, 216, 216, 216, 216, 216, 216, 216, 216, 216], 'layer_num': 12, 'id': 5}}
rank: 0 {'mlp_ratio': [3.5, 4, 4, 4, 4, 4, 3.5, 4, 4, 3.5, 3.5, 3.5, 3.5], 'num_heads': [4, 3, 4, 3, 3, 3, 4, 3, 4, 3, 4, 3, 4], 'embed_dim': [240, 240, 240, 240, 240, 240, 240, 240, 240, 240, 240, 240, 240], 'layer_num': 13, 'id': 6} 9.02212
27
{'id': 6, 'indicator': {'grasp': -409064.09375, 'te_nas': -984290.25, 'NASWOT': 813.2664556662844, 'snip': 9663.515625}, 'cand': {'mlp_ratio': [3.5, 4, 4, 4, 4, 4, 3.5, 4, 4, 3.5, 3.5, 3.5, 3.5], 'num_heads': [4, 3, 4, 3, 3, 3, 4, 3, 4, 3, 4, 3, 4], 'embed_dim': [240, 240, 240, 240, 240, 240, 240, 240, 240, 240, 240, 240, 240], 'layer_num': 13, 'id': 6}}
rank: 0 {'mlp_ratio': [3.5, 4, 4, 4, 4, 4, 3.5, 3.5, 3.5, 4, 3.5, 3.5], 'num_heads': [4, 3, 3, 4, 4, 4, 4, 4, 4, 4, 3, 3], 'embed_dim': [216, 216, 216, 216, 216, 216, 216, 216, 216, 216, 216, 216], 'layer_num': 12, 'id': 7} 7.184248
28
{'id': 7, 'indicator': {'grasp': 182980.90625, 'te_nas': -1339233.0, 'NASWOT': 798.500304366037, 'snip': 8483.9970703125}, 'cand': {'mlp_ratio': [3.5, 4, 4, 4, 4, 4, 3.5, 3.5, 3.5, 4, 3.5, 3.5], 'num_heads': [4, 3, 3, 4, 4, 4, 4, 4, 4, 4, 3, 3], 'embed_dim': [216, 216, 216, 216, 216, 216, 216, 216, 216, 216, 216, 216], 'layer_num': 12, 'id': 7}}
rank: 0 {'mlp_ratio': [3.5, 3.5, 4, 4, 4, 3.5, 4, 4, 4, 4, 3.5, 3.5, 3.5, 3.5], 'num_heads': [3, 3, 4, 3, 4, 3, 4, 4, 3, 3, 3, 4, 3, 3], 'embed_dim': [216, 216, 216, 216, 216, 216, 216, 216, 216, 216, 216, 216, 216, 216], 'layer_num': 14, 'id': 8} 8.070124
29
{'id': 8, 'indicator': {'grasp': -1996871.625, 'te_nas': -802757.75, 'NASWOT': 804.1713163842476, 'snip': 9239.8828125}, 'cand': {'mlp_ratio': [3.5, 3.5, 4, 4, 4, 3.5, 4, 4, 4, 4, 3.5, 3.5, 3.5, 3.5], 'num_heads': [3, 3, 4, 3, 4, 3, 4, 4, 3, 3, 3, 4, 3, 3], 'embed_dim': [216, 216, 216, 216, 216, 216, 216, 216, 216, 216, 216, 216, 216, 216], 'layer_num': 14, 'id': 8}}
rank: 0 {'mlp_ratio': [4, 4, 3.5, 4, 3.5, 4, 4, 4, 4, 4, 3.5, 3.5, 3.5], 'num_heads': [3, 3, 4, 3, 3, 4, 3, 4, 3, 3, 4, 4, 3], 'embed_dim': [240, 240, 240, 240, 240, 240, 240, 240, 240, 240, 240, 240, 240], 'layer_num': 13, 'id': 9} 9.018208
30
{'id': 9, 'indicator': {'grasp': -713635.25, 'te_nas': -853254.25, 'NASWOT': 815.6697958998025, 'snip': 10434.2490234375}, 'cand': {'mlp_ratio': [4, 4, 3.5, 4, 3.5, 4, 4, 4, 4, 4, 3.5, 3.5, 3.5], 'num_heads': [3, 3, 4, 3, 3, 4, 3, 4, 3, 3, 4, 4, 3], 'embed_dim': [240, 240, 240, 240, 240, 240, 240, 240, 240, 240, 240, 240, 240], 'layer_num': 13, 'id': 9}}
rank: 0 {'mlp_ratio': [4, 3.5, 4, 3.5, 3.5, 3.5, 4, 4, 3.5, 4, 4, 4, 3.5, 3.5], 'num_heads': [3, 4, 4, 3, 3, 4, 3, 3, 3, 3, 3, 4, 3, 3], 'embed_dim': [240, 240, 240, 240, 240, 240, 240, 240, 240, 240, 240, 240, 240, 240], 'layer_num': 14, 'id': 10} 9.496912
31
{'id': 10, 'indicator': {'grasp': 42936.7734375, 'te_nas': -805053.4375, 'NASWOT': 817.5035762218067, 'snip': 13271.39453125}, 'cand': {'mlp_ratio': [4, 3.5, 4, 3.5, 3.5, 3.5, 4, 4, 3.5, 4, 4, 4, 3.5, 3.5], 'num_heads': [3, 4, 4, 3, 3, 4, 3, 3, 3, 3, 3, 4, 3, 3], 'embed_dim': [240, 240, 240, 240, 240, 240, 240, 240, 240, 240, 240, 240, 240, 240], 'layer_num': 14, 'id': 10}}
rank: 0 {'mlp_ratio': [3.5, 4, 4, 3.5, 4, 3.5, 3.5, 4, 4, 4, 4, 3.5], 'num_heads': [3, 3, 4, 4, 4, 3, 4, 3, 4, 3, 4, 4], 'embed_dim': [216, 216, 216, 216, 216, 216, 216, 216, 216, 216, 216, 216], 'layer_num': 12, 'id': 11} 7.175524
32
{'id': 11, 'indicator': {'grasp': -81545.125, 'te_nas': -1100199.125, 'NASWOT': 799.5926805073073, 'snip': 8537.5400390625}, 'cand': {'mlp_ratio': [3.5, 4, 4, 3.5, 4, 3.5, 3.5, 4, 4, 4, 4, 3.5], 'num_heads': [3, 3, 4, 4, 4, 3, 4, 3, 4, 3, 4, 4], 'embed_dim': [216, 216, 216, 216, 216, 216, 216, 216, 216, 216, 216, 216], 'layer_num': 12, 'id': 11}}
rank: 0 {'mlp_ratio': [3.5, 3.5, 4, 3.5, 4, 4, 3.5, 4, 4, 3.5, 4, 3.5], 'num_heads': [4, 3, 3, 4, 3, 4, 3, 3, 3, 3, 3, 3], 'embed_dim': [240, 240, 240, 240, 240, 240, 240, 240, 240, 240, 240, 240], 'layer_num': 12, 'id': 12} 8.181448
33
{'id': 12, 'indicator': {'grasp': -1380662.625, 'te_nas': -1031187.875, 'NASWOT': 810.6919675784276, 'snip': 10179.7294921875}, 'cand': {'mlp_ratio': [3.5, 3.5, 4, 3.5, 4, 4, 3.5, 4, 4, 3.5, 4, 3.5], 'num_heads': [4, 3, 3, 4, 3, 4, 3, 3, 3, 3, 3, 3], 'embed_dim': [240, 240, 240, 240, 240, 240, 240, 240, 240, 240, 240, 240], 'layer_num': 12, 'id': 12}}
rank: 0 {'mlp_ratio': [3.5, 3.5, 4, 4, 3.5, 3.5, 4, 4, 3.5, 4, 4, 3.5, 4], 'num_heads': [4, 4, 3, 4, 4, 4, 3, 3, 4, 4, 3, 3, 3], 'embed_dim': [240, 240, 240, 240, 240, 240, 240, 240, 240, 240, 240, 240, 240], 'layer_num': 13, 'id': 13} 9.083752
34
{'id': 13, 'indicator': {'grasp': -3090149.5, 'te_nas': -863124.125, 'NASWOT': 813.3606807217511, 'snip': 11202.341796875}, 'cand': {'mlp_ratio': [3.5, 3.5, 4, 4, 3.5, 3.5, 4, 4, 3.5, 4, 4, 3.5, 4], 'num_heads': [4, 4, 3, 4, 4, 4, 3, 3, 4, 4, 3, 3, 3], 'embed_dim': [240, 240, 240, 240, 240, 240, 240, 240, 240, 240, 240, 240, 240], 'layer_num': 13, 'id': 13}}
rank: 0 {'mlp_ratio': [3.5, 3.5, 4, 3.5, 3.5, 3.5, 3.5, 3.5, 3.5, 3.5, 4, 3.5, 4, 3.5], 'num_heads': [3, 4, 4, 4, 3, 3, 4, 3, 4, 4, 3, 4, 3, 4], 'embed_dim': [192, 192, 192, 192, 192, 192, 192, 192, 192, 192, 192, 192, 192, 192], 'layer_num': 14, 'id': 14} 6.702856
35
{'id': 14, 'indicator': {'grasp': -19217.337890625, 'te_nas': -959571.125, 'NASWOT': 795.913318174056, 'snip': 7232.27001953125}, 'cand': {'mlp_ratio': [3.5, 3.5, 4, 3.5, 3.5, 3.5, 3.5, 3.5, 3.5, 3.5, 4, 3.5, 4, 3.5], 'num_heads': [3, 4, 4, 4, 3, 3, 4, 3, 4, 4, 3, 4, 3, 4], 'embed_dim': [192, 192, 192, 192, 192, 192, 192, 192, 192, 192, 192, 192, 192, 192], 'layer_num': 14, 'id': 14}}
rank: 0 {'mlp_ratio': [4, 4, 4, 4, 4, 3.5, 4, 4, 4, 3.5, 4, 3.5, 4, 4], 'num_heads': [3, 4, 4, 4, 3, 3, 4, 3, 4, 4, 3, 4, 4, 4], 'embed_dim': [192, 192, 192, 192, 192, 192, 192, 192, 192, 192, 192, 192, 192, 192], 'layer_num': 14, 'id': 15} 7.04788
36
{'id': 15, 'indicator': {'grasp': -23103.33203125, 'te_nas': -1523749.875, 'NASWOT': 797.0260397930714, 'snip': 6657.79345703125}, 'cand': {'mlp_ratio': [4, 4, 4, 4, 4, 3.5, 4, 4, 4, 3.5, 4, 3.5, 4, 4], 'num_heads': [3, 4, 4, 4, 3, 3, 4, 3, 4, 4, 3, 4, 4, 4], 'embed_dim': [192, 192, 192, 192, 192, 192, 192, 192, 192, 192, 192, 192, 192, 192], 'layer_num': 14, 'id': 15}}
rank: 0 {'mlp_ratio': [4, 3.5, 4, 3.5, 3.5, 4, 3.5, 3.5, 3.5, 4, 4, 4], 'num_heads': [4, 4, 4, 4, 4, 3, 3, 3, 3, 4, 3, 4], 'embed_dim': [192, 192, 192, 192, 192, 192, 192, 192, 192, 192, 192, 192], 'layer_num': 12, 'id': 16} 5.933224
37
{'id': 16, 'indicator': {'grasp': -6111.9677734375, 'te_nas': -1359817.0, 'NASWOT': 793.4570477767365, 'snip': 7490.513671875}, 'cand': {'mlp_ratio': [4, 3.5, 4, 3.5, 3.5, 4, 3.5, 3.5, 3.5, 4, 4, 4], 'num_heads': [4, 4, 4, 4, 4, 3, 3, 3, 3, 4, 3, 4], 'embed_dim': [192, 192, 192, 192, 192, 192, 192, 192, 192, 192, 192, 192], 'layer_num': 12, 'id': 16}}
rank: 0 {'mlp_ratio': [4, 4, 3.5, 3.5, 4, 4, 3.5, 3.5, 3.5, 3.5, 3.5, 4, 4, 4], 'num_heads': [4, 4, 3, 4, 4, 4, 4, 4, 3, 4, 3, 3, 3, 4], 'embed_dim': [216, 216, 216, 216, 216, 216, 216, 216, 216, 216, 216, 216, 216, 216], 'layer_num': 14, 'id': 17} 8.292076
38
{'id': 17, 'indicator': {'grasp': -2018986.875, 'te_nas': -957690.25, 'NASWOT': 804.0461783894659, 'snip': 8441.052734375}, 'cand': {'mlp_ratio': [4, 4, 3.5, 3.5, 4, 4, 3.5, 3.5, 3.5, 3.5, 3.5, 4, 4, 4], 'num_heads': [4, 4, 3, 4, 4, 4, 4, 4, 3, 4, 3, 3, 3, 4], 'embed_dim': [216, 216, 216, 216, 216, 216, 216, 216, 216, 216, 216, 216, 216, 216], 'layer_num': 14, 'id': 17}}
rank: 0 {'mlp_ratio': [3.5, 4, 3.5, 3.5, 4, 3.5, 3.5, 4, 4, 3.5, 3.5, 3.5, 4], 'num_heads': [3, 4, 3, 4, 3, 4, 3, 3, 3, 4, 3, 4, 4], 'embed_dim': [216, 216, 216, 216, 216, 216, 216, 216, 216, 216, 216, 216, 216], 'layer_num': 13, 'id': 18} 7.529296
39
{'id': 18, 'indicator': {'grasp': 16901.81640625, 'te_nas': -1109826.625, 'NASWOT': 798.5331019986166, 'snip': 8988.7685546875}, 'cand': {'mlp_ratio': [3.5, 4, 3.5, 3.5, 4, 3.5, 3.5, 4, 4, 3.5, 3.5, 3.5, 4], 'num_heads': [3, 4, 3, 4, 3, 4, 3, 3, 3, 4, 3, 4, 4], 'embed_dim': [216, 216, 216, 216, 216, 216, 216, 216, 216, 216, 216, 216, 216], 'layer_num': 13, 'id': 18}}
rank: 0 {'mlp_ratio': [4, 4, 4, 3.5, 4, 3.5, 4, 3.5, 4, 3.5, 4, 4, 4], 'num_heads': [4, 3, 4, 4, 3, 4, 4, 3, 4, 4, 3, 3, 3], 'embed_dim': [240, 240, 240, 240, 240, 240, 240, 240, 240, 240, 240, 240, 240], 'layer_num': 13, 'id': 19} 9.199192
40
{'id': 19, 'indicator': {'grasp': -7520214.0, 'te_nas': -882646.8125, 'NASWOT': 816.5193699842127, 'snip': 13150.52734375}, 'cand': {'mlp_ratio': [4, 4, 4, 3.5, 4, 3.5, 4, 3.5, 4, 3.5, 4, 4, 4], 'num_heads': [4, 3, 4, 4, 3, 4, 4, 3, 4, 4, 3, 3, 3], 'embed_dim': [240, 240, 240, 240, 240, 240, 240, 240, 240, 240, 240, 240, 240], 'layer_num': 13, 'id': 19}}
rank: 0 {'mlp_ratio': [4, 3.5, 3.5, 3.5, 3.5, 4, 3.5, 4, 3.5, 4, 4, 3.5, 4], 'num_heads': [4, 3, 3, 4, 4, 3, 3, 3, 3, 4, 3, 3, 4], 'embed_dim': [192, 192, 192, 192, 192, 192, 192, 192, 192, 192, 192, 192, 192], 'layer_num': 13, 'id': 0} 6.25012
41
{'id': 0, 'indicator': {'grasp': -19531.689453125, 'te_nas': -1184888.625, 'NASWOT': 792.8509826199341, 'snip': 7568.18359375}, 'cand': {'mlp_ratio': [4, 3.5, 3.5, 3.5, 3.5, 4, 3.5, 4, 3.5, 4, 4, 3.5, 4], 'num_heads': [4, 3, 3, 4, 4, 3, 3, 3, 3, 4, 3, 3, 4], 'embed_dim': [192, 192, 192, 192, 192, 192, 192, 192, 192, 192, 192, 192, 192], 'layer_num': 13, 'id': 0}}
rank: 0 {'mlp_ratio': [3.5, 3.5, 3.5, 4, 3.5, 4, 4, 4, 4, 4, 3.5, 4, 3.5], 'num_heads': [3, 3, 3, 4, 3, 3, 4, 3, 4, 3, 4, 3, 4], 'embed_dim': [240, 240, 240, 240, 240, 240, 240, 240, 240, 240, 240, 240, 240], 'layer_num': 13, 'id': 1} 8.960488
42
{'id': 1, 'indicator': {'grasp': 986215.5625, 'te_nas': -993831.0, 'NASWOT': 812.9026019048082, 'snip': 13052.642578125}, 'cand': {'mlp_ratio': [3.5, 3.5, 3.5, 4, 3.5, 4, 4, 4, 4, 4, 3.5, 4, 3.5], 'num_heads': [3, 3, 3, 4, 3, 3, 4, 3, 4, 3, 4, 3, 4], 'embed_dim': [240, 240, 240, 240, 240, 240, 240, 240, 240, 240, 240, 240, 240], 'layer_num': 13, 'id': 1}}
rank: 0 {'mlp_ratio': [3.5, 4, 3.5, 3.5, 3.5, 4, 4, 4, 4, 4, 4, 3.5], 'num_heads': [3, 4, 3, 3, 3, 3, 4, 3, 3, 4, 3, 4], 'embed_dim': [216, 216, 216, 216, 216, 216, 216, 216, 216, 216, 216, 216], 'layer_num': 12, 'id': 2} 7.00906
43
{'id': 2, 'indicator': {'grasp': 67695.625, 'te_nas': -1173057.875, 'NASWOT': 799.3294653531223, 'snip': 10428.6318359375}, 'cand': {'mlp_ratio': [3.5, 4, 3.5, 3.5, 3.5, 4, 4, 4, 4, 4, 4, 3.5], 'num_heads': [3, 4, 3, 3, 3, 3, 4, 3, 3, 4, 3, 4], 'embed_dim': [216, 216, 216, 216, 216, 216, 216, 216, 216, 216, 216, 216], 'layer_num': 12, 'id': 2}}
rank: 0 {'mlp_ratio': [3.5, 4, 3.5, 4, 3.5, 4, 4, 4, 4, 4, 4, 3.5], 'num_heads': [3, 4, 4, 3, 4, 3, 4, 3, 3, 3, 4, 3], 'embed_dim': [192, 192, 192, 192, 192, 192, 192, 192, 192, 192, 192, 192], 'layer_num': 12, 'id': 3} 5.908456
44
{'id': 3, 'indicator': {'grasp': 4809.12890625, 'te_nas': -1346007.0, 'NASWOT': 792.8313951226379, 'snip': 7331.88427734375}, 'cand': {'mlp_ratio': [3.5, 4, 3.5, 4, 3.5, 4, 4, 4, 4, 4, 4, 3.5], 'num_heads': [3, 4, 4, 3, 4, 3, 4, 3, 3, 3, 4, 3], 'embed_dim': [192, 192, 192, 192, 192, 192, 192, 192, 192, 192, 192, 192], 'layer_num': 12, 'id': 3}}
rank: 0 {'mlp_ratio': [3.5, 4, 4, 4, 4, 3.5, 3.5, 4, 4, 3.5, 3.5, 3.5, 4], 'num_heads': [4, 3, 4, 3, 3, 4, 3, 3, 4, 4, 3, 3, 3], 'embed_dim': [192, 192, 192, 192, 192, 192, 192, 192, 192, 192, 192, 192, 192], 'layer_num': 13, 'id': 4} 6.28708
45
{'id': 4, 'indicator': {'grasp': -12358.3203125, 'te_nas': -1449939.0, 'NASWOT': 792.9711713455226, 'snip': 8013.49755859375}, 'cand': {'mlp_ratio': [3.5, 4, 4, 4, 4, 3.5, 3.5, 4, 4, 3.5, 3.5, 3.5, 4], 'num_heads': [4, 3, 4, 3, 3, 4, 3, 3, 4, 4, 3, 3, 3], 'embed_dim': [192, 192, 192, 192, 192, 192, 192, 192, 192, 192, 192, 192, 192], 'layer_num': 13, 'id': 4}}
rank: 0 {'mlp_ratio': [3.5, 4, 3.5, 4, 4, 3.5, 3.5, 3.5, 4, 4, 3.5, 3.5], 'num_heads': [4, 3, 3, 4, 4, 4, 3, 4, 3, 3, 3, 4], 'embed_dim': [240, 240, 240, 240, 240, 240, 240, 240, 240, 240, 240, 240], 'layer_num': 12, 'id': 5} 8.308624
46
{'id': 5, 'indicator': {'grasp': 876925.0625, 'te_nas': -818966.375, 'NASWOT': 810.0749171458676, 'snip': 13095.1005859375}, 'cand': {'mlp_ratio': [3.5, 4, 3.5, 4, 4, 3.5, 3.5, 3.5, 4, 4, 3.5, 3.5], 'num_heads': [4, 3, 3, 4, 4, 4, 3, 4, 3, 3, 3, 4], 'embed_dim': [240, 240, 240, 240, 240, 240, 240, 240, 240, 240, 240, 240], 'layer_num': 12, 'id': 5}}
rank: 0 {'mlp_ratio': [3.5, 3.5, 3.5, 4, 3.5, 3.5, 3.5, 3.5, 3.5, 3.5, 4, 3.5], 'num_heads': [4, 4, 4, 3, 3, 4, 3, 4, 3, 3, 4, 4], 'embed_dim': [192, 192, 192, 192, 192, 192, 192, 192, 192, 192, 192, 192], 'layer_num': 12, 'id': 6} 5.785384
47
{'id': 6, 'indicator': {'grasp': -19541.408203125, 'te_nas': -1096192.0, 'NASWOT': 792.7031685532745, 'snip': 7877.88037109375}, 'cand': {'mlp_ratio': [3.5, 3.5, 3.5, 4, 3.5, 3.5, 3.5, 3.5, 3.5, 3.5, 4, 3.5], 'num_heads': [4, 4, 4, 3, 3, 4, 3, 4, 3, 3, 4, 4], 'embed_dim': [192, 192, 192, 192, 192, 192, 192, 192, 192, 192, 192, 192], 'layer_num': 12, 'id': 6}}
rank: 0 {'mlp_ratio': [4, 3.5, 4, 4, 3.5, 4, 3.5, 4, 4, 3.5, 4, 4, 4], 'num_heads': [3, 4, 3, 4, 3, 4, 4, 3, 3, 3, 4, 3, 4], 'embed_dim': [240, 240, 240, 240, 240, 240, 240, 240, 240, 240, 240, 240, 240], 'layer_num': 13, 'id': 7} 9.13756
48
{'id': 7, 'indicator': {'grasp': -5641762.5, 'te_nas': -1048191.875, 'NASWOT': 816.4902328567046, 'snip': 13845.357421875}, 'cand': {'mlp_ratio': [4, 3.5, 4, 4, 3.5, 4, 3.5, 4, 4, 3.5, 4, 4, 4], 'num_heads': [3, 4, 3, 4, 3, 4, 4, 3, 3, 3, 4, 3, 4], 'embed_dim': [240, 240, 240, 240, 240, 240, 240, 240, 240, 240, 240, 240, 240], 'layer_num': 13, 'id': 7}}
rank: 0 {'mlp_ratio': [4, 3.5, 4, 4, 3.5, 3.5, 4, 4, 4, 3.5, 4, 3.5, 4], 'num_heads': [4, 3, 4, 4, 3, 3, 4, 3, 4, 4, 4, 3, 4], 'embed_dim': [240, 240, 240, 240, 240, 240, 240, 240, 240, 240, 240, 240, 240], 'layer_num': 13, 'id': 8} 9.203104
49
{'id': 8, 'indicator': {'grasp': 3311573.75, 'te_nas': -874541.5, 'NASWOT': 815.1508107672838, 'snip': 11603.2314453125}, 'cand': {'mlp_ratio': [4, 3.5, 4, 4, 3.5, 3.5, 4, 4, 4, 3.5, 4, 3.5, 4], 'num_heads': [4, 3, 4, 4, 3, 3, 4, 3, 4, 4, 4, 3, 4], 'embed_dim': [240, 240, 240, 240, 240, 240, 240, 240, 240, 240, 240, 240, 240], 'layer_num': 13, 'id': 8}}
rank: 0 {'mlp_ratio': [3.5, 4, 4, 4, 3.5, 4, 3.5, 3.5, 3.5, 4, 3.5, 3.5, 4], 'num_heads': [4, 4, 3, 3, 4, 3, 3, 3, 3, 3, 3, 3, 3], 'embed_dim': [216, 216, 216, 216, 216, 216, 216, 216, 216, 216, 216, 216, 216], 'layer_num': 13, 'id': 9} 7.409596
50
{'id': 9, 'indicator': {'grasp': -571202.75, 'te_nas': -942467.0, 'NASWOT': 799.5304568081701, 'snip': 10478.3125}, 'cand': {'mlp_ratio': [3.5, 4, 4, 4, 3.5, 4, 3.5, 3.5, 3.5, 4, 3.5, 3.5, 4], 'num_heads': [4, 4, 3, 3, 4, 3, 3, 3, 3, 3, 3, 3, 3], 'embed_dim': [216, 216, 216, 216, 216, 216, 216, 216, 216, 216, 216, 216, 216], 'layer_num': 13, 'id': 9}}
rank: 0 {'mlp_ratio': [4, 4, 3.5, 4, 4, 3.5, 4, 4, 3.5, 4, 4, 3.5, 4], 'num_heads': [4, 4, 4, 4, 4, 4, 3, 3, 3, 3, 3, 3, 3], 'embed_dim': [216, 216, 216, 216, 216, 216, 216, 216, 216, 216, 216, 216, 216], 'layer_num': 13, 'id': 10} 7.716352
51
{'id': 10, 'indicator': {'grasp': 559100.0625, 'te_nas': -1185178.125, 'NASWOT': 801.8328113324692, 'snip': 11977.64453125}, 'cand': {'mlp_ratio': [4, 4, 3.5, 4, 4, 3.5, 4, 4, 3.5, 4, 4, 3.5, 4], 'num_heads': [4, 4, 4, 4, 4, 4, 3, 3, 3, 3, 3, 3, 3], 'embed_dim': [216, 216, 216, 216, 216, 216, 216, 216, 216, 216, 216, 216, 216], 'layer_num': 13, 'id': 10}}
rank: 0 {'mlp_ratio': [3.5, 4, 3.5, 3.5, 3.5, 3.5, 4, 4, 4, 3.5, 4, 4, 4, 4], 'num_heads': [3, 3, 3, 3, 3, 3, 4, 3, 4, 4, 4, 3, 3, 4], 'embed_dim': [192, 192, 192, 192, 192, 192, 192, 192, 192, 192, 192, 192, 192, 192], 'layer_num': 14, 'id': 11} 6.739624
52
{'id': 11, 'indicator': {'grasp': -66667.1875, 'te_nas': -1221580.125, 'NASWOT': 795.1718596197803, 'snip': 7436.53515625}, 'cand': {'mlp_ratio': [3.5, 4, 3.5, 3.5, 3.5, 3.5, 4, 4, 4, 3.5, 4, 4, 4, 4], 'num_heads': [3, 3, 3, 3, 3, 3, 4, 3, 4, 4, 4, 3, 3, 4], 'embed_dim': [192, 192, 192, 192, 192, 192, 192, 192, 192, 192, 192, 192, 192, 192], 'layer_num': 14, 'id': 11}}
rank: 0 {'mlp_ratio': [3.5, 4, 3.5, 4, 4, 3.5, 4, 3.5, 4, 3.5, 4, 4, 4], 'num_heads': [4, 4, 3, 3, 4, 3, 4, 3, 4, 3, 3, 4, 4], 'embed_dim': [240, 240, 240, 240, 240, 240, 240, 240, 240, 240, 240, 240, 240], 'layer_num': 13, 'id': 12} 9.141472
53
{'id': 12, 'indicator': {'grasp': -207977.453125, 'te_nas': -643555.9375, 'NASWOT': 815.7547719422516, 'snip': 11504.0322265625}, 'cand': {'mlp_ratio': [3.5, 4, 3.5, 4, 4, 3.5, 4, 3.5, 4, 3.5, 4, 4, 4], 'num_heads': [4, 4, 3, 3, 4, 3, 4, 3, 4, 3, 3, 4, 4], 'embed_dim': [240, 240, 240, 240, 240, 240, 240, 240, 240, 240, 240, 240, 240], 'layer_num': 13, 'id': 12}}
rank: 0 {'mlp_ratio': [3.5, 4, 4, 3.5, 3.5, 4, 3.5, 4, 3.5, 3.5, 3.5, 3.5, 3.5], 'num_heads': [3, 3, 4, 4, 3, 4, 4, 4, 3, 3, 3, 3, 4], 'embed_dim': [216, 216, 216, 216, 216, 216, 216, 216, 216, 216, 216, 216, 216], 'layer_num': 13, 'id': 13} 7.482532
54
{'id': 13, 'indicator': {'grasp': 3914256.0, 'te_nas': -1303142.125, 'NASWOT': 797.5527497465567, 'snip': 10029.287109375}, 'cand': {'mlp_ratio': [3.5, 4, 4, 3.5, 3.5, 4, 3.5, 4, 3.5, 3.5, 3.5, 3.5, 3.5], 'num_heads': [3, 3, 4, 4, 3, 4, 4, 4, 3, 3, 3, 3, 4], 'embed_dim': [216, 216, 216, 216, 216, 216, 216, 216, 216, 216, 216, 216, 216], 'layer_num': 13, 'id': 13}}
rank: 0 {'mlp_ratio': [3.5, 3.5, 4, 4, 4, 3.5, 3.5, 4, 4, 3.5, 4, 4, 3.5], 'num_heads': [3, 4, 3, 4, 4, 4, 4, 3, 3, 4, 4, 4, 3], 'embed_dim': [240, 240, 240, 240, 240, 240, 240, 240, 240, 240, 240, 240, 240], 'layer_num': 13, 'id': 14} 9.145384
55
{'id': 14, 'indicator': {'grasp': 1679806.25, 'te_nas': -748289.9375, 'NASWOT': 813.8256276934493, 'snip': 12317.08203125}, 'cand': {'mlp_ratio': [3.5, 3.5, 4, 4, 4, 3.5, 3.5, 4, 4, 3.5, 4, 4, 3.5], 'num_heads': [3, 4, 3, 4, 4, 4, 4, 3, 3, 4, 4, 4, 3], 'embed_dim': [240, 240, 240, 240, 240, 240, 240, 240, 240, 240, 240, 240, 240], 'layer_num': 13, 'id': 14}}
rank: 0 {'mlp_ratio': [4, 4, 4, 4, 4, 4, 4, 3.5, 4, 4, 3.5, 4, 3.5, 4], 'num_heads': [3, 3, 4, 4, 3, 3, 4, 4, 4, 4, 3, 4, 4, 4], 'embed_dim': [192, 192, 192, 192, 192, 192, 192, 192, 192, 192, 192, 192, 192, 192], 'layer_num': 14, 'id': 15} 7.04788
56
{'id': 15, 'indicator': {'grasp': -834.060791015625, 'te_nas': -1237471.5, 'NASWOT': 796.064035919461, 'snip': 6060.6669921875}, 'cand': {'mlp_ratio': [4, 4, 4, 4, 4, 4, 4, 3.5, 4, 4, 3.5, 4, 3.5, 4], 'num_heads': [3, 3, 4, 4, 3, 3, 4, 4, 4, 4, 3, 4, 4, 4], 'embed_dim': [192, 192, 192, 192, 192, 192, 192, 192, 192, 192, 192, 192, 192, 192], 'layer_num': 14, 'id': 15}}
rank: 0 {'mlp_ratio': [3.5, 3.5, 4, 4, 4, 3.5, 4, 3.5, 3.5, 4, 3.5, 4, 3.5], 'num_heads': [4, 3, 3, 3, 4, 3, 3, 3, 3, 4, 3, 3, 3], 'embed_dim': [240, 240, 240, 240, 240, 240, 240, 240, 240, 240, 240, 240, 240], 'layer_num': 13, 'id': 16} 8.779504
57
{'id': 16, 'indicator': {'grasp': -731154.9375, 'te_nas': -924087.0, 'NASWOT': 812.1945606039733, 'snip': 12761.7890625}, 'cand': {'mlp_ratio': [3.5, 3.5, 4, 4, 4, 3.5, 4, 3.5, 3.5, 4, 3.5, 4, 3.5], 'num_heads': [4, 3, 3, 3, 4, 3, 3, 3, 3, 4, 3, 3, 3], 'embed_dim': [240, 240, 240, 240, 240, 240, 240, 240, 240, 240, 240, 240, 240], 'layer_num': 13, 'id': 16}}
rank: 0 {'mlp_ratio': [3.5, 3.5, 4, 3.5, 3.5, 4, 3.5, 3.5, 3.5, 3.5, 4, 4, 4, 3.5], 'num_heads': [4, 3, 4, 3, 4, 3, 4, 4, 4, 4, 3, 3, 4, 3], 'embed_dim': [240, 240, 240, 240, 240, 240, 240, 240, 240, 240, 240, 240, 240, 240], 'layer_num': 14, 'id': 17} 9.628
58
{'id': 17, 'indicator': {'grasp': 197610.234375, 'te_nas': -752381.5, 'NASWOT': 813.7075095926962, 'snip': 14172.5234375}, 'cand': {'mlp_ratio': [3.5, 3.5, 4, 3.5, 3.5, 4, 3.5, 3.5, 3.5, 3.5, 4, 4, 4, 3.5], 'num_heads': [4, 3, 4, 3, 4, 3, 4, 4, 4, 4, 3, 3, 4, 3], 'embed_dim': [240, 240, 240, 240, 240, 240, 240, 240, 240, 240, 240, 240, 240, 240], 'layer_num': 14, 'id': 17}}
rank: 0 {'mlp_ratio': [4, 3.5, 3.5, 3.5, 4, 3.5, 4, 3.5, 4, 3.5, 3.5, 4], 'num_heads': [3, 4, 4, 3, 4, 4, 3, 4, 4, 4, 3, 4], 'embed_dim': [192, 192, 192, 192, 192, 192, 192, 192, 192, 192, 192, 192], 'layer_num': 12, 'id': 18} 5.945608
59
{'id': 18, 'indicator': {'grasp': -21351.654296875, 'te_nas': -1278155.0, 'NASWOT': 793.2431227774435, 'snip': 6148.005859375}, 'cand': {'mlp_ratio': [4, 3.5, 3.5, 3.5, 4, 3.5, 4, 3.5, 4, 3.5, 3.5, 4], 'num_heads': [3, 4, 4, 3, 4, 4, 3, 4, 4, 4, 3, 4], 'embed_dim': [192, 192, 192, 192, 192, 192, 192, 192, 192, 192, 192, 192], 'layer_num': 12, 'id': 18}}
rank: 0 {'mlp_ratio': [3.5, 4, 4, 4, 3.5, 4, 3.5, 4, 4, 3.5, 4, 3.5, 4], 'num_heads': [4, 4, 3, 3, 4, 4, 4, 4, 3, 3, 3, 4, 3], 'embed_dim': [192, 192, 192, 192, 192, 192, 192, 192, 192, 192, 192, 192, 192], 'layer_num': 13, 'id': 19} 6.422728
60
{'id': 19, 'indicator': {'grasp': -27684.0546875, 'te_nas': -1067143.125, 'NASWOT': 793.8871966916146, 'snip': 6610.92578125}, 'cand': {'mlp_ratio': [3.5, 4, 4, 4, 3.5, 4, 3.5, 4, 4, 3.5, 4, 3.5, 4], 'num_heads': [4, 4, 3, 3, 4, 4, 4, 4, 3, 3, 3, 4, 3], 'embed_dim': [192, 192, 192, 192, 192, 192, 192, 192, 192, 192, 192, 192, 192], 'layer_num': 13, 'id': 19}}
rank: 0 {'mlp_ratio': [4, 3.5, 4, 3.5, 4, 4, 3.5, 4, 4, 3.5, 3.5, 4], 'num_heads': [3, 4, 3, 4, 3, 4, 3, 4, 3, 4, 3, 3], 'embed_dim': [216, 216, 216, 216, 216, 216, 216, 216, 216, 216, 216, 216], 'layer_num': 12, 'id': 0} 7.064548
61
{'id': 0, 'indicator': {'grasp': 543832.125, 'te_nas': -1411082.625, 'NASWOT': 799.9019162089727, 'snip': 9520.8212890625}, 'cand': {'mlp_ratio': [4, 3.5, 4, 3.5, 4, 4, 3.5, 4, 4, 3.5, 3.5, 4], 'num_heads': [3, 4, 3, 4, 3, 4, 3, 4, 3, 4, 3, 3], 'embed_dim': [216, 216, 216, 216, 216, 216, 216, 216, 216, 216, 216, 216], 'layer_num': 12, 'id': 0}}
rank: 0 {'mlp_ratio': [4, 3.5, 3.5, 3.5, 3.5, 3.5, 3.5, 4, 3.5, 3.5, 4, 4, 4, 4], 'num_heads': [3, 3, 4, 4, 4, 4, 4, 4, 4, 3, 3, 3, 3, 3], 'embed_dim': [216, 216, 216, 216, 216, 216, 216, 216, 216, 216, 216, 216, 216, 216], 'layer_num': 14, 'id': 1} 8.134336
62
{'id': 1, 'indicator': {'grasp': -22681.751953125, 'te_nas': -1277979.5, 'NASWOT': 802.7399160228251, 'snip': 8648.2587890625}, 'cand': {'mlp_ratio': [4, 3.5, 3.5, 3.5, 3.5, 3.5, 3.5, 4, 3.5, 3.5, 4, 4, 4, 4], 'num_heads': [3, 3, 4, 4, 4, 4, 4, 4, 4, 3, 3, 3, 3, 3], 'embed_dim': [216, 216, 216, 216, 216, 216, 216, 216, 216, 216, 216, 216, 216, 216], 'layer_num': 14, 'id': 1}}
rank: 0 {'mlp_ratio': [3.5, 4, 3.5, 3.5, 4, 3.5, 3.5, 4, 4, 3.5, 3.5, 3.5, 4], 'num_heads': [4, 4, 3, 3, 4, 3, 3, 4, 4, 4, 3, 3, 3], 'embed_dim': [240, 240, 240, 240, 240, 240, 240, 240, 240, 240, 240, 240, 240], 'layer_num': 13, 'id': 2} 8.90668
63
{'id': 2, 'indicator': {'grasp': -1533960.125, 'te_nas': -700886.0625, 'NASWOT': 811.2392775333558, 'snip': 11699.619140625}, 'cand': {'mlp_ratio': [3.5, 4, 3.5, 3.5, 4, 3.5, 3.5, 4, 4, 3.5, 3.5, 3.5, 4], 'num_heads': [4, 4, 3, 3, 4, 3, 3, 4, 4, 4, 3, 3, 3], 'embed_dim': [240, 240, 240, 240, 240, 240, 240, 240, 240, 240, 240, 240, 240], 'layer_num': 13, 'id': 2}}
rank: 0 {'mlp_ratio': [4, 3.5, 4, 4, 3.5, 4, 4, 3.5, 4, 4, 4, 3.5], 'num_heads': [4, 3, 3, 3, 4, 4, 3, 4, 4, 4, 4, 3], 'embed_dim': [192, 192, 192, 192, 192, 192, 192, 192, 192, 192, 192, 192], 'layer_num': 12, 'id': 3} 6.007144
64
{'id': 3, 'indicator': {'grasp': 3127.863037109375, 'te_nas': -1192564.125, 'NASWOT': 792.8464184483651, 'snip': 5431.46142578125}, 'cand': {'mlp_ratio': [4, 3.5, 4, 4, 3.5, 4, 4, 3.5, 4, 4, 4, 3.5], 'num_heads': [4, 3, 3, 3, 4, 4, 3, 4, 4, 4, 4, 3], 'embed_dim': [192, 192, 192, 192, 192, 192, 192, 192, 192, 192, 192, 192], 'layer_num': 12, 'id': 3}}
rank: 0 {'mlp_ratio': [3.5, 3.5, 3.5, 3.5, 4, 3.5, 3.5, 4, 4, 4, 3.5, 4, 4], 'num_heads': [4, 3, 3, 4, 3, 3, 4, 3, 4, 4, 3, 4, 3], 'embed_dim': [240, 240, 240, 240, 240, 240, 240, 240, 240, 240, 240, 240, 240], 'layer_num': 13, 'id': 4} 8.9644
65
{'id': 4, 'indicator': {'grasp': 1111232.5, 'te_nas': -775471.9375, 'NASWOT': 812.1777224170553, 'snip': 11482.1279296875}, 'cand': {'mlp_ratio': [3.5, 3.5, 3.5, 3.5, 4, 3.5, 3.5, 4, 4, 4, 3.5, 4, 4], 'num_heads': [4, 3, 3, 4, 3, 3, 4, 3, 4, 4, 3, 4, 3], 'embed_dim': [240, 240, 240, 240, 240, 240, 240, 240, 240, 240, 240, 240, 240], 'layer_num': 13, 'id': 4}}
rank: 0 {'mlp_ratio': [4, 3.5, 4, 3.5, 3.5, 3.5, 4, 3.5, 3.5, 4, 3.5, 3.5, 3.5, 3.5], 'num_heads': [4, 3, 4, 4, 3, 4, 4, 3, 3, 4, 4, 3, 4, 3], 'embed_dim': [192, 192, 192, 192, 192, 192, 192, 192, 192, 192, 192, 192, 192, 192], 'layer_num': 14, 'id': 5} 6.739816
66
{'id': 5, 'indicator': {'grasp': -15401.173828125, 'te_nas': -1144270.75, 'NASWOT': 795.2823266787962, 'snip': 7706.85205078125}, 'cand': {'mlp_ratio': [4, 3.5, 4, 3.5, 3.5, 3.5, 4, 3.5, 3.5, 4, 3.5, 3.5, 3.5, 3.5], 'num_heads': [4, 3, 4, 4, 3, 4, 4, 3, 3, 4, 4, 3, 4, 3], 'embed_dim': [192, 192, 192, 192, 192, 192, 192, 192, 192, 192, 192, 192, 192, 192], 'layer_num': 14, 'id': 5}}
rank: 0 {'mlp_ratio': [4, 4, 4, 3.5, 3.5, 3.5, 4, 3.5, 3.5, 4, 3.5, 4, 4, 3.5], 'num_heads': [4, 4, 3, 3, 4, 4, 3, 4, 3, 4, 4, 3, 3, 3], 'embed_dim': [240, 240, 240, 240, 240, 240, 240, 240, 240, 240, 240, 240, 240, 240], 'layer_num': 14, 'id': 6} 9.681808
67
{'id': 6, 'indicator': {'grasp': 25418172.0, 'te_nas': -747884.6875, 'NASWOT': 817.9124445859089, 'snip': 10109.970703125}, 'cand': {'mlp_ratio': [4, 4, 4, 3.5, 3.5, 3.5, 4, 3.5, 3.5, 4, 3.5, 4, 4, 3.5], 'num_heads': [4, 4, 3, 3, 4, 4, 3, 4, 3, 4, 4, 3, 3, 3], 'embed_dim': [240, 240, 240, 240, 240, 240, 240, 240, 240, 240, 240, 240, 240, 240], 'layer_num': 14, 'id': 6}}
rank: 0 {'mlp_ratio': [3.5, 4, 4, 4, 3.5, 3.5, 3.5, 4, 3.5, 4, 4, 4, 3.5], 'num_heads': [4, 4, 4, 4, 3, 4, 4, 3, 3, 3, 4, 4, 3], 'embed_dim': [192, 192, 192, 192, 192, 192, 192, 192, 192, 192, 192, 192, 192], 'layer_num': 13, 'id': 7} 6.435112
68
{'id': 7, 'indicator': {'grasp': -27896.08203125, 'te_nas': -972117.625, 'NASWOT': 793.8592894789537, 'snip': 7527.919921875}, 'cand': {'mlp_ratio': [3.5, 4, 4, 4, 3.5, 3.5, 3.5, 4, 3.5, 4, 4, 4, 3.5], 'num_heads': [4, 4, 4, 4, 3, 4, 4, 3, 3, 3, 4, 4, 3], 'embed_dim': [192, 192, 192, 192, 192, 192, 192, 192, 192, 192, 192, 192, 192], 'layer_num': 13, 'id': 7}}
rank: 0 {'mlp_ratio': [4, 3.5, 3.5, 3.5, 4, 3.5, 4, 4, 3.5, 3.5, 4, 4], 'num_heads': [4, 4, 4, 4, 3, 3, 4, 3, 3, 3, 3, 4], 'embed_dim': [192, 192, 192, 192, 192, 192, 192, 192, 192, 192, 192, 192], 'layer_num': 12, 'id': 8} 5.88388
69
{'id': 8, 'indicator': {'grasp': -6113.7685546875, 'te_nas': -1064545.375, 'NASWOT': 793.2703087064368, 'snip': 7565.02978515625}, 'cand': {'mlp_ratio': [4, 3.5, 3.5, 3.5, 4, 3.5, 4, 4, 3.5, 3.5, 4, 4], 'num_heads': [4, 4, 4, 4, 3, 3, 4, 3, 3, 3, 3, 4], 'embed_dim': [192, 192, 192, 192, 192, 192, 192, 192, 192, 192, 192, 192], 'layer_num': 12, 'id': 8}}
rank: 0 {'mlp_ratio': [4, 3.5, 3.5, 3.5, 4, 3.5, 3.5, 3.5, 3.5, 3.5, 4, 3.5], 'num_heads': [4, 3, 3, 4, 3, 4, 4, 3, 4, 4, 3, 3], 'embed_dim': [192, 192, 192, 192, 192, 192, 192, 192, 192, 192, 192, 192], 'layer_num': 12, 'id': 9} 5.773
70
{'id': 9, 'indicator': {'grasp': 7378.99560546875, 'te_nas': -1384214.0, 'NASWOT': 792.2956656317604, 'snip': 6323.25830078125}, 'cand': {'mlp_ratio': [4, 3.5, 3.5, 3.5, 4, 3.5, 3.5, 3.5, 3.5, 3.5, 4, 3.5], 'num_heads': [4, 3, 3, 4, 3, 4, 4, 3, 4, 4, 3, 3], 'embed_dim': [192, 192, 192, 192, 192, 192, 192, 192, 192, 192, 192, 192], 'layer_num': 12, 'id': 9}}
rank: 0 {'mlp_ratio': [3.5, 3.5, 3.5, 3.5, 4, 4, 4, 4, 4, 4, 4, 3.5, 3.5, 3.5], 'num_heads': [3, 3, 3, 3, 4, 3, 4, 3, 4, 3, 3, 4, 4, 4], 'embed_dim': [216, 216, 216, 216, 216, 216, 216, 216, 216, 216, 216, 216, 216, 216], 'layer_num': 14, 'id': 10} 8.125612
71
{'id': 10, 'indicator': {'grasp': 835271.5, 'te_nas': -1023201.125, 'NASWOT': 803.6920742534221, 'snip': 9926.607421875}, 'cand': {'mlp_ratio': [3.5, 3.5, 3.5, 3.5, 4, 4, 4, 4, 4, 4, 4, 3.5, 3.5, 3.5], 'num_heads': [3, 3, 3, 3, 4, 3, 4, 3, 4, 3, 3, 4, 4, 4], 'embed_dim': [216, 216, 216, 216, 216, 216, 216, 216, 216, 216, 216, 216, 216, 216], 'layer_num': 14, 'id': 10}}
rank: 0 {'mlp_ratio': [4, 3.5, 3.5, 4, 3.5, 4, 4, 4, 4, 4, 3.5, 4, 4, 4], 'num_heads': [4, 4, 4, 4, 4, 3, 3, 4, 3, 4, 3, 3, 4, 4], 'embed_dim': [216, 216, 216, 216, 216, 216, 216, 216, 216, 216, 216, 216, 216, 216], 'layer_num': 14, 'id': 11} 8.432368
72
{'id': 11, 'indicator': {'grasp': -40058300.0, 'te_nas': -1117819.875, 'NASWOT': 806.2206250739673, 'snip': 11089.7060546875}, 'cand': {'mlp_ratio': [4, 3.5, 3.5, 4, 3.5, 4, 4, 4, 4, 4, 3.5, 4, 4, 4], 'num_heads': [4, 4, 4, 4, 4, 3, 3, 4, 3, 4, 3, 3, 4, 4], 'embed_dim': [216, 216, 216, 216, 216, 216, 216, 216, 216, 216, 216, 216, 216, 216], 'layer_num': 14, 'id': 11}}
rank: 0 {'mlp_ratio': [4, 4, 3.5, 3.5, 4, 4, 3.5, 3.5, 3.5, 3.5, 4, 3.5, 3.5], 'num_heads': [3, 3, 4, 4, 3, 3, 3, 3, 4, 3, 4, 4, 4], 'embed_dim': [216, 216, 216, 216, 216, 216, 216, 216, 216, 216, 216, 216, 216], 'layer_num': 13, 'id': 12} 7.529296
73
{'id': 12, 'indicator': {'grasp': 73054.703125, 'te_nas': -878074.875, 'NASWOT': 798.9280571842705, 'snip': 8825.833984375}, 'cand': {'mlp_ratio': [4, 4, 3.5, 3.5, 4, 4, 3.5, 3.5, 3.5, 3.5, 4, 3.5, 3.5], 'num_heads': [3, 3, 4, 4, 3, 3, 3, 3, 4, 3, 4, 4, 4], 'embed_dim': [216, 216, 216, 216, 216, 216, 216, 216, 216, 216, 216, 216, 216], 'layer_num': 13, 'id': 12}}
rank: 0 {'mlp_ratio': [4, 3.5, 3.5, 3.5, 3.5, 4, 4, 3.5, 4, 3.5, 4, 3.5], 'num_heads': [3, 4, 3, 4, 3, 3, 3, 4, 3, 3, 3, 4], 'embed_dim': [216, 216, 216, 216, 216, 216, 216, 216, 216, 216, 216, 216], 'layer_num': 12, 'id': 13} 6.915532
74
{'id': 13, 'indicator': {'grasp': -202917.953125, 'te_nas': -1171104.625, 'NASWOT': 798.773370272452, 'snip': 8888.505859375}, 'cand': {'mlp_ratio': [4, 3.5, 3.5, 3.5, 3.5, 4, 4, 3.5, 4, 3.5, 4, 3.5], 'num_heads': [3, 4, 3, 4, 3, 3, 3, 4, 3, 3, 3, 4], 'embed_dim': [216, 216, 216, 216, 216, 216, 216, 216, 216, 216, 216, 216], 'layer_num': 12, 'id': 13}}
rank: 0 {'mlp_ratio': [3.5, 3.5, 4, 3.5, 4, 4, 4, 4, 4, 4, 3.5, 4, 3.5], 'num_heads': [3, 4, 4, 4, 4, 3, 4, 3, 3, 3, 3, 4, 4], 'embed_dim': [240, 240, 240, 240, 240, 240, 240, 240, 240, 240, 240, 240, 240], 'layer_num': 13, 'id': 14} 9.141472
75
{'id': 14, 'indicator': {'grasp': -158433.765625, 'te_nas': -877446.8125, 'NASWOT': 815.6102365354469, 'snip': 12466.8564453125}, 'cand': {'mlp_ratio': [3.5, 3.5, 4, 3.5, 4, 4, 4, 4, 4, 4, 3.5, 4, 3.5], 'num_heads': [3, 4, 4, 4, 4, 3, 4, 3, 3, 3, 3, 4, 4], 'embed_dim': [240, 240, 240, 240, 240, 240, 240, 240, 240, 240, 240, 240, 240], 'layer_num': 13, 'id': 14}}
rank: 0 {'mlp_ratio': [3.5, 4, 4, 4, 3.5, 4, 3.5, 3.5, 3.5, 3.5, 3.5, 3.5, 4, 4], 'num_heads': [4, 3, 4, 3, 3, 4, 3, 3, 3, 4, 3, 3, 4, 3], 'embed_dim': [240, 240, 240, 240, 240, 240, 240, 240, 240, 240, 240, 240, 240, 240], 'layer_num': 14, 'id': 15} 9.500824
76
{'id': 15, 'indicator': {'grasp': 3693144.75, 'te_nas': -886446.125, 'NASWOT': 813.5416356732264, 'snip': 13949.771484375}, 'cand': {'mlp_ratio': [3.5, 4, 4, 4, 3.5, 4, 3.5, 3.5, 3.5, 3.5, 3.5, 3.5, 4, 4], 'num_heads': [4, 3, 4, 3, 3, 4, 3, 3, 3, 4, 3, 3, 4, 3], 'embed_dim': [240, 240, 240, 240, 240, 240, 240, 240, 240, 240, 240, 240, 240, 240], 'layer_num': 14, 'id': 15}}
rank: 0 {'mlp_ratio': [4, 4, 4, 3.5, 4, 3.5, 3.5, 3.5, 3.5, 3.5, 4, 4, 4, 4], 'num_heads': [3, 4, 3, 3, 3, 3, 4, 3, 3, 3, 3, 4, 3, 4], 'embed_dim': [192, 192, 192, 192, 192, 192, 192, 192, 192, 192, 192, 192, 192, 192], 'layer_num': 14, 'id': 16} 6.69028
77
{'id': 16, 'indicator': {'grasp': -17465.01953125, 'te_nas': -988274.1875, 'NASWOT': 796.3936881222368, 'snip': 6736.5400390625}, 'cand': {'mlp_ratio': [4, 4, 4, 3.5, 4, 3.5, 3.5, 3.5, 3.5, 3.5, 4, 4, 4, 4], 'num_heads': [3, 4, 3, 3, 3, 3, 4, 3, 3, 3, 3, 4, 3, 4], 'embed_dim': [192, 192, 192, 192, 192, 192, 192, 192, 192, 192, 192, 192, 192, 192], 'layer_num': 14, 'id': 16}}
rank: 0 {'mlp_ratio': [3.5, 3.5, 4, 3.5, 4, 4, 4, 4, 4, 3.5, 3.5, 4, 4], 'num_heads': [4, 4, 4, 4, 3, 3, 3, 4, 4, 3, 3, 3, 3], 'embed_dim': [192, 192, 192, 192, 192, 192, 192, 192, 192, 192, 192, 192, 192], 'layer_num': 13, 'id': 17} 6.373384
78
{'id': 17, 'indicator': {'grasp': 873.00732421875, 'te_nas': -1071143.25, 'NASWOT': 793.4969007162806, 'snip': 6594.93505859375}, 'cand': {'mlp_ratio': [3.5, 3.5, 4, 3.5, 4, 4, 4, 4, 4, 3.5, 3.5, 4, 4], 'num_heads': [4, 4, 4, 4, 3, 3, 3, 4, 4, 3, 3, 3, 3], 'embed_dim': [192, 192, 192, 192, 192, 192, 192, 192, 192, 192, 192, 192, 192], 'layer_num': 13, 'id': 17}}
rank: 0 {'mlp_ratio': [3.5, 3.5, 4, 4, 4, 4, 4, 4, 4, 4, 3.5, 3.5, 4], 'num_heads': [4, 4, 3, 3, 3, 4, 3, 4, 4, 3, 3, 3, 3], 'embed_dim': [240, 240, 240, 240, 240, 240, 240, 240, 240, 240, 240, 240, 240], 'layer_num': 13, 'id': 18} 9.075928
79
{'id': 18, 'indicator': {'grasp': -561995.1875, 'te_nas': -1032582.6875, 'NASWOT': 816.6781116983843, 'snip': 13361.59375}, 'cand': {'mlp_ratio': [3.5, 3.5, 4, 4, 4, 4, 4, 4, 4, 4, 3.5, 3.5, 4], 'num_heads': [4, 4, 3, 3, 3, 4, 3, 4, 4, 3, 3, 3, 3], 'embed_dim': [240, 240, 240, 240, 240, 240, 240, 240, 240, 240, 240, 240, 240], 'layer_num': 13, 'id': 18}}
rank: 0 {'mlp_ratio': [3.5, 4, 3.5, 4, 4, 4, 4, 4, 3.5, 3.5, 4, 4, 3.5], 'num_heads': [3, 4, 3, 4, 4, 4, 3, 3, 4, 3, 4, 4, 4], 'embed_dim': [216, 216, 216, 216, 216, 216, 216, 216, 216, 216, 216, 216, 216], 'layer_num': 13, 'id': 19} 7.780564
80
{'id': 19, 'indicator': {'grasp': -187812.953125, 'te_nas': -919220.4375, 'NASWOT': 800.9424961074205, 'snip': 8968.8779296875}, 'cand': {'mlp_ratio': [3.5, 4, 3.5, 4, 4, 4, 4, 4, 3.5, 3.5, 4, 4, 3.5], 'num_heads': [3, 4, 3, 4, 4, 4, 3, 3, 4, 3, 4, 4, 4], 'embed_dim': [216, 216, 216, 216, 216, 216, 216, 216, 216, 216, 216, 216, 216], 'layer_num': 13, 'id': 19}}
rank: 0 {'mlp_ratio': [3.5, 4, 4, 3.5, 4, 4, 4, 3.5, 3.5, 4, 3.5, 4, 4, 3.5], 'num_heads': [4, 3, 4, 3, 3, 4, 3, 3, 4, 4, 3, 3, 4, 3], 'embed_dim': [240, 240, 240, 240, 240, 240, 240, 240, 240, 240, 240, 240, 240, 240], 'layer_num': 14, 'id': 0} 9.677896
81
{'id': 0, 'indicator': {'grasp': -4784395.0, 'te_nas': -1088231.5, 'NASWOT': 817.5175935254296, 'snip': 12918.794921875}, 'cand': {'mlp_ratio': [3.5, 4, 4, 3.5, 4, 4, 4, 3.5, 3.5, 4, 3.5, 4, 4, 3.5], 'num_heads': [4, 3, 4, 3, 3, 4, 3, 3, 4, 4, 3, 3, 4, 3], 'embed_dim': [240, 240, 240, 240, 240, 240, 240, 240, 240, 240, 240, 240, 240, 240], 'layer_num': 14, 'id': 0}}
rank: 0 {'mlp_ratio': [4, 3.5, 4, 4, 4, 3.5, 4, 4, 4, 3.5, 3.5, 3.5], 'num_heads': [3, 3, 4, 3, 4, 4, 4, 4, 4, 4, 3, 3], 'embed_dim': [192, 192, 192, 192, 192, 192, 192, 192, 192, 192, 192, 192], 'layer_num': 12, 'id': 1} 5.970184
82
{'id': 1, 'indicator': {'grasp': -93905.640625, 'te_nas': -1185401.0, 'NASWOT': 792.9220831444273, 'snip': 6738.51171875}, 'cand': {'mlp_ratio': [4, 3.5, 4, 4, 4, 3.5, 4, 4, 4, 3.5, 3.5, 3.5], 'num_heads': [3, 3, 4, 3, 4, 4, 4, 4, 4, 4, 3, 3], 'embed_dim': [192, 192, 192, 192, 192, 192, 192, 192, 192, 192, 192, 192], 'layer_num': 12, 'id': 1}}
rank: 0 {'mlp_ratio': [3.5, 4, 4, 4, 4, 4, 4, 3.5, 3.5, 3.5, 3.5, 3.5, 4], 'num_heads': [3, 3, 3, 3, 3, 4, 3, 4, 3, 3, 4, 4, 3], 'embed_dim': [192, 192, 192, 192, 192, 192, 192, 192, 192, 192, 192, 192, 192], 'layer_num': 13, 'id': 2} 6.237736
83
{'id': 2, 'indicator': {'grasp': -8424.58984375, 'te_nas': -1090766.625, 'NASWOT': 793.6464627221585, 'snip': 7289.13720703125}, 'cand': {'mlp_ratio': [3.5, 4, 4, 4, 4, 4, 4, 3.5, 3.5, 3.5, 3.5, 3.5, 4], 'num_heads': [3, 3, 3, 3, 3, 4, 3, 4, 3, 3, 4, 4, 3], 'embed_dim': [192, 192, 192, 192, 192, 192, 192, 192, 192, 192, 192, 192, 192], 'layer_num': 13, 'id': 2}}
rank: 0 {'mlp_ratio': [3.5, 3.5, 3.5, 3.5, 4, 4, 4, 3.5, 4, 3.5, 3.5, 3.5, 4, 3.5], 'num_heads': [3, 3, 4, 4, 3, 4, 3, 4, 3, 3, 3, 3, 3, 4], 'embed_dim': [192, 192, 192, 192, 192, 192, 192, 192, 192, 192, 192, 192, 192, 192], 'layer_num': 14, 'id': 3} 6.628744
84
{'id': 3, 'indicator': {'grasp': -25680.673828125, 'te_nas': -1199320.5, 'NASWOT': 794.7245255287086, 'snip': 6263.7431640625}, 'cand': {'mlp_ratio': [3.5, 3.5, 3.5, 3.5, 4, 4, 4, 3.5, 4, 3.5, 3.5, 3.5, 4, 3.5], 'num_heads': [3, 3, 4, 4, 3, 4, 3, 4, 3, 3, 3, 3, 3, 4], 'embed_dim': [192, 192, 192, 192, 192, 192, 192, 192, 192, 192, 192, 192, 192, 192], 'layer_num': 14, 'id': 3}}
rank: 0 {'mlp_ratio': [4, 3.5, 4, 3.5, 3.5, 4, 4, 4, 3.5, 4, 3.5, 3.5], 'num_heads': [4, 4, 4, 4, 4, 3, 4, 4, 3, 3, 4, 3], 'embed_dim': [240, 240, 240, 240, 240, 240, 240, 240, 240, 240, 240, 240], 'layer_num': 12, 'id': 4} 8.489608
85
{'id': 4, 'indicator': {'grasp': -480217.8125, 'te_nas': -801483.3125, 'NASWOT': 812.4109147306243, 'snip': 12523.861328125}, 'cand': {'mlp_ratio': [4, 3.5, 4, 3.5, 3.5, 4, 4, 4, 3.5, 4, 3.5, 3.5], 'num_heads': [4, 4, 4, 4, 4, 3, 4, 4, 3, 3, 4, 3], 'embed_dim': [240, 240, 240, 240, 240, 240, 240, 240, 240, 240, 240, 240], 'layer_num': 12, 'id': 4}}
rank: 0 {'mlp_ratio': [3.5, 3.5, 4, 3.5, 4, 4, 3.5, 3.5, 3.5, 4, 4, 4, 4, 3.5], 'num_heads': [4, 4, 4, 3, 3, 3, 4, 4, 4, 3, 4, 3, 4, 3], 'embed_dim': [192, 192, 192, 192, 192, 192, 192, 192, 192, 192, 192, 192, 192, 192], 'layer_num': 14, 'id': 5} 6.850696
86
{'id': 5, 'indicator': {'grasp': 165318.96875, 'te_nas': -1115611.5, 'NASWOT': 795.5005898377331, 'snip': 8404.939453125}, 'cand': {'mlp_ratio': [3.5, 3.5, 4, 3.5, 4, 4, 3.5, 3.5, 3.5, 4, 4, 4, 4, 3.5], 'num_heads': [4, 4, 4, 3, 3, 3, 4, 4, 4, 3, 4, 3, 4, 3], 'embed_dim': [192, 192, 192, 192, 192, 192, 192, 192, 192, 192, 192, 192, 192, 192], 'layer_num': 14, 'id': 5}}
rank: 0 {'mlp_ratio': [4, 3.5, 4, 3.5, 3.5, 3.5, 3.5, 3.5, 3.5, 4, 4, 3.5, 3.5, 3.5], 'num_heads': [3, 4, 3, 3, 3, 3, 3, 4, 4, 4, 4, 3, 4, 4], 'embed_dim': [192, 192, 192, 192, 192, 192, 192, 192, 192, 192, 192, 192, 192, 192], 'layer_num': 14, 'id': 6} 6.690472
87
{'id': 6, 'indicator': {'grasp': -3690.345458984375, 'te_nas': -721883.125, 'NASWOT': 796.1076955793973, 'snip': 7311.31591796875}, 'cand': {'mlp_ratio': [4, 3.5, 4, 3.5, 3.5, 3.5, 3.5, 3.5, 3.5, 4, 4, 3.5, 3.5, 3.5], 'num_heads': [3, 4, 3, 3, 3, 3, 3, 4, 4, 4, 4, 3, 4, 4], 'embed_dim': [192, 192, 192, 192, 192, 192, 192, 192, 192, 192, 192, 192, 192, 192], 'layer_num': 14, 'id': 6}}
rank: 0 {'mlp_ratio': [3.5, 3.5, 4, 3.5, 3.5, 3.5, 3.5, 3.5, 4, 4, 3.5, 4, 4, 4], 'num_heads': [4, 4, 3, 3, 4, 4, 3, 3, 3, 4, 3, 3, 4, 4], 'embed_dim': [192, 192, 192, 192, 192, 192, 192, 192, 192, 192, 192, 192, 192, 192], 'layer_num': 14, 'id': 7} 6.764392
88
{'id': 7, 'indicator': {'grasp': -12477.990234375, 'te_nas': -1386682.125, 'NASWOT': 795.6516013533889, 'snip': 6598.2822265625}, 'cand': {'mlp_ratio': [3.5, 3.5, 4, 3.5, 3.5, 3.5, 3.5, 3.5, 4, 4, 3.5, 4, 4, 4], 'num_heads': [4, 4, 3, 3, 4, 4, 3, 3, 3, 4, 3, 3, 4, 4], 'embed_dim': [192, 192, 192, 192, 192, 192, 192, 192, 192, 192, 192, 192, 192, 192], 'layer_num': 14, 'id': 7}}
rank: 0 {'mlp_ratio': [4, 3.5, 3.5, 4, 4, 3.5, 4, 3.5, 3.5, 4, 4, 4, 4, 3.5], 'num_heads': [3, 4, 3, 4, 3, 3, 4, 4, 3, 3, 4, 4, 3, 3], 'embed_dim': [192, 192, 192, 192, 192, 192, 192, 192, 192, 192, 192, 192, 192, 192], 'layer_num': 14, 'id': 8} 6.788968
89
{'id': 8, 'indicator': {'grasp': 7509.69677734375, 'te_nas': -825165.25, 'NASWOT': 795.8644677125179, 'snip': 7832.0673828125}, 'cand': {'mlp_ratio': [4, 3.5, 3.5, 4, 4, 3.5, 4, 3.5, 3.5, 4, 4, 4, 4, 3.5], 'num_heads': [3, 4, 3, 4, 3, 3, 4, 4, 3, 3, 4, 4, 3, 3], 'embed_dim': [192, 192, 192, 192, 192, 192, 192, 192, 192, 192, 192, 192, 192, 192], 'layer_num': 14, 'id': 8}}
rank: 0 {'mlp_ratio': [4, 4, 3.5, 3.5, 4, 4, 3.5, 4, 3.5, 3.5, 4, 3.5], 'num_heads': [3, 3, 3, 4, 4, 4, 4, 3, 3, 3, 3, 4], 'embed_dim': [240, 240, 240, 240, 240, 240, 240, 240, 240, 240, 240, 240], 'layer_num': 12, 'id': 9} 8.304712
90
{'id': 9, 'indicator': {'grasp': -7919335.5, 'te_nas': -833983.75, 'NASWOT': 812.0684028104815, 'snip': 12793.8505859375}, 'cand': {'mlp_ratio': [4, 4, 3.5, 3.5, 4, 4, 3.5, 4, 3.5, 3.5, 4, 3.5], 'num_heads': [3, 3, 3, 4, 4, 4, 4, 3, 3, 3, 3, 4], 'embed_dim': [240, 240, 240, 240, 240, 240, 240, 240, 240, 240, 240, 240], 'layer_num': 12, 'id': 9}}
rank: 0 {'mlp_ratio': [3.5, 3.5, 3.5, 3.5, 3.5, 3.5, 3.5, 3.5, 3.5, 4, 3.5, 4, 4, 4], 'num_heads': [4, 3, 3, 3, 4, 3, 4, 4, 4, 4, 4, 3, 4, 3], 'embed_dim': [192, 192, 192, 192, 192, 192, 192, 192, 192, 192, 192, 192, 192, 192], 'layer_num': 14, 'id': 10} 6.739816
91
{'id': 10, 'indicator': {'grasp': -46619.64453125, 'te_nas': -1071519.625, 'NASWOT': 794.9409040710198, 'snip': 7844.0419921875}, 'cand': {'mlp_ratio': [3.5, 3.5, 3.5, 3.5, 3.5, 3.5, 3.5, 3.5, 3.5, 4, 3.5, 4, 4, 4], 'num_heads': [4, 3, 3, 3, 4, 3, 4, 4, 4, 4, 4, 3, 4, 3], 'embed_dim': [192, 192, 192, 192, 192, 192, 192, 192, 192, 192, 192, 192, 192, 192], 'layer_num': 14, 'id': 10}}
rank: 0 {'mlp_ratio': [3.5, 3.5, 3.5, 4, 4, 3.5, 4, 4, 3.5, 4, 4, 3.5], 'num_heads': [4, 3, 4, 4, 3, 4, 4, 3, 4, 3, 4, 3], 'embed_dim': [216, 216, 216, 216, 216, 216, 216, 216, 216, 216, 216, 216], 'layer_num': 12, 'id': 11} 7.12876
92
{'id': 11, 'indicator': {'grasp': -216738.21875, 'te_nas': -1291869.875, 'NASWOT': 797.9131366544648, 'snip': 7097.95703125}, 'cand': {'mlp_ratio': [3.5, 3.5, 3.5, 4, 4, 3.5, 4, 4, 3.5, 4, 4, 3.5], 'num_heads': [4, 3, 4, 4, 3, 4, 4, 3, 4, 3, 4, 3], 'embed_dim': [216, 216, 216, 216, 216, 216, 216, 216, 216, 216, 216, 216], 'layer_num': 12, 'id': 11}}
rank: 0 {'mlp_ratio': [4, 3.5, 4, 4, 4, 3.5, 3.5, 3.5, 4, 3.5, 4, 4, 3.5, 4], 'num_heads': [4, 4, 4, 3, 4, 4, 3, 3, 3, 4, 4, 3, 3, 4], 'embed_dim': [216, 216, 216, 216, 216, 216, 216, 216, 216, 216, 216, 216, 216, 216], 'layer_num': 14, 'id': 12} 8.283352
93
{'id': 12, 'indicator': {'grasp': 24326.873046875, 'te_nas': -971876.375, 'NASWOT': 804.6521417148168, 'snip': 7116.25146484375}, 'cand': {'mlp_ratio': [4, 3.5, 4, 4, 4, 3.5, 3.5, 3.5, 4, 3.5, 4, 4, 3.5, 4], 'num_heads': [4, 4, 4, 3, 4, 4, 3, 3, 3, 4, 4, 3, 3, 4], 'embed_dim': [216, 216, 216, 216, 216, 216, 216, 216, 216, 216, 216, 216, 216, 216], 'layer_num': 14, 'id': 12}}
rank: 0 {'mlp_ratio': [3.5, 4, 4, 3.5, 3.5, 3.5, 4, 4, 4, 3.5, 4, 4, 4], 'num_heads': [4, 4, 3, 3, 4, 3, 3, 3, 4, 4, 3, 4, 3], 'embed_dim': [216, 216, 216, 216, 216, 216, 216, 216, 216, 216, 216, 216, 216], 'layer_num': 13, 'id': 13} 7.669588
94
{'id': 13, 'indicator': {'grasp': -633492.25, 'te_nas': -832479.5625, 'NASWOT': 801.3292969666225, 'snip': 8209.6298828125}, 'cand': {'mlp_ratio': [3.5, 4, 4, 3.5, 3.5, 3.5, 4, 4, 4, 3.5, 4, 4, 4], 'num_heads': [4, 4, 3, 3, 4, 3, 3, 3, 4, 4, 3, 4, 3], 'embed_dim': [216, 216, 216, 216, 216, 216, 216, 216, 216, 216, 216, 216, 216], 'layer_num': 13, 'id': 13}}
rank: 0 {'mlp_ratio': [4, 3.5, 4, 4, 3.5, 4, 3.5, 3.5, 3.5, 3.5, 4, 4], 'num_heads': [4, 3, 3, 4, 4, 4, 3, 4, 4, 3, 3, 3], 'embed_dim': [192, 192, 192, 192, 192, 192, 192, 192, 192, 192, 192, 192], 'layer_num': 12, 'id': 14} 5.88388
95
{'id': 14, 'indicator': {'grasp': -8205.326171875, 'te_nas': -1113753.5, 'NASWOT': 792.7582706571422, 'snip': 8162.46533203125}, 'cand': {'mlp_ratio': [4, 3.5, 4, 4, 3.5, 4, 3.5, 3.5, 3.5, 3.5, 4, 4], 'num_heads': [4, 3, 3, 4, 4, 4, 3, 4, 4, 3, 3, 3], 'embed_dim': [192, 192, 192, 192, 192, 192, 192, 192, 192, 192, 192, 192], 'layer_num': 12, 'id': 14}}
rank: 0 {'mlp_ratio': [3.5, 4, 3.5, 4, 3.5, 3.5, 4, 3.5, 3.5, 3.5, 3.5, 4, 3.5], 'num_heads': [3, 4, 4, 3, 4, 3, 4, 3, 3, 3, 4, 3, 4], 'embed_dim': [192, 192, 192, 192, 192, 192, 192, 192, 192, 192, 192, 192, 192], 'layer_num': 13, 'id': 15} 6.225544
96
{'id': 15, 'indicator': {'grasp': -8952.5791015625, 'te_nas': -1059349.625, 'NASWOT': 793.3785311209189, 'snip': 6145.36669921875}, 'cand': {'mlp_ratio': [3.5, 4, 3.5, 4, 3.5, 3.5, 4, 3.5, 3.5, 3.5, 3.5, 4, 3.5], 'num_heads': [3, 4, 4, 3, 4, 3, 4, 3, 3, 3, 4, 3, 4], 'embed_dim': [192, 192, 192, 192, 192, 192, 192, 192, 192, 192, 192, 192, 192], 'layer_num': 13, 'id': 15}}
rank: 0 {'mlp_ratio': [4, 3.5, 4, 4, 3.5, 4, 3.5, 4, 3.5, 4, 4, 4, 4], 'num_heads': [4, 4, 4, 4, 3, 3, 3, 4, 4, 3, 4, 4, 4], 'embed_dim': [240, 240, 240, 240, 240, 240, 240, 240, 240, 240, 240, 240, 240], 'layer_num': 13, 'id': 16} 9.322456
97
{'id': 16, 'indicator': {'grasp': -6538139.0, 'te_nas': -809361.6875, 'NASWOT': 817.7002106802504, 'snip': 14731.630859375}, 'cand': {'mlp_ratio': [4, 3.5, 4, 4, 3.5, 4, 3.5, 4, 3.5, 4, 4, 4, 4], 'num_heads': [4, 4, 4, 4, 3, 3, 3, 4, 4, 3, 4, 4, 4], 'embed_dim': [240, 240, 240, 240, 240, 240, 240, 240, 240, 240, 240, 240, 240], 'layer_num': 13, 'id': 16}}
rank: 0 {'mlp_ratio': [3.5, 3.5, 4, 3.5, 3.5, 4, 4, 3.5, 3.5, 4, 4, 4], 'num_heads': [4, 4, 3, 3, 3, 3, 4, 3, 3, 4, 4, 3], 'embed_dim': [192, 192, 192, 192, 192, 192, 192, 192, 192, 192, 192, 192], 'layer_num': 12, 'id': 17} 5.834536
98
{'id': 17, 'indicator': {'grasp': -39103.19921875, 'te_nas': -1330609.875, 'NASWOT': 792.6634297990936, 'snip': 7243.93994140625}, 'cand': {'mlp_ratio': [3.5, 3.5, 4, 3.5, 3.5, 4, 4, 3.5, 3.5, 4, 4, 4], 'num_heads': [4, 4, 3, 3, 3, 3, 4, 3, 3, 4, 4, 3], 'embed_dim': [192, 192, 192, 192, 192, 192, 192, 192, 192, 192, 192, 192], 'layer_num': 12, 'id': 17}}
rank: 0 {'mlp_ratio': [3.5, 4, 4, 3.5, 3.5, 4, 4, 4, 4, 3.5, 3.5, 3.5, 4], 'num_heads': [4, 4, 4, 3, 4, 4, 4, 3, 4, 4, 4, 3, 4], 'embed_dim': [240, 240, 240, 240, 240, 240, 240, 240, 240, 240, 240, 240, 240], 'layer_num': 13, 'id': 18} 9.268648
99
{'id': 18, 'indicator': {'grasp': 11375.9443359375, 'te_nas': -903289.8125, 'NASWOT': 814.0920786403951, 'snip': 12499.18359375}, 'cand': {'mlp_ratio': [3.5, 4, 4, 3.5, 3.5, 4, 4, 4, 4, 3.5, 3.5, 3.5, 4], 'num_heads': [4, 4, 4, 3, 4, 4, 4, 3, 4, 4, 4, 3, 4], 'embed_dim': [240, 240, 240, 240, 240, 240, 240, 240, 240, 240, 240, 240, 240], 'layer_num': 13, 'id': 18}}
rank: 0 {'mlp_ratio': [4, 4, 4, 4, 4, 4, 3.5, 4, 3.5, 4, 4, 4, 4], 'num_heads': [3, 3, 4, 3, 4, 3, 4, 3, 3, 4, 3, 3, 3], 'embed_dim': [240, 240, 240, 240, 240, 240, 240, 240, 240, 240, 240, 240, 240], 'layer_num': 13, 'id': 19} 9.129736
100
{'id': 19, 'indicator': {'grasp': -3967661.75, 'te_nas': -1314105.5, 'NASWOT': 819.5372528290525, 'snip': 12409.787109375}, 'cand': {'mlp_ratio': [4, 4, 4, 4, 4, 4, 3.5, 4, 3.5, 4, 4, 4, 4], 'num_heads': [3, 3, 4, 3, 4, 3, 4, 3, 3, 4, 3, 3, 3], 'embed_dim': [240, 240, 240, 240, 240, 240, 240, 240, 240, 240, 240, 240, 240], 'layer_num': 13, 'id': 19}}
Searched Architectures: 
snip
OrderedDict([(16, 14731.630859375), (0, 12918.794921875), (9, 12793.8505859375), (4, 12523.861328125), (18, 12499.18359375), (19, 12409.787109375), (5, 8404.939453125), (13, 8209.6298828125), (14, 8162.46533203125), (10, 7844.0419921875), (8, 7832.0673828125), (6, 7311.31591796875), (2, 7289.13720703125), (17, 7243.93994140625), (12, 7116.25146484375), (11, 7097.95703125), (1, 6738.51171875), (7, 6598.2822265625), (3, 6263.7431640625), (15, 6145.36669921875)])
grasp
OrderedDict([(5, 165318.96875), (12, 24326.873046875), (18, 11375.9443359375), (8, 7509.69677734375), (6, -3690.345458984375), (14, -8205.326171875), (2, -8424.58984375), (15, -8952.5791015625), (7, -12477.990234375), (3, -25680.673828125), (17, -39103.19921875), (10, -46619.64453125), (1, -93905.640625), (11, -216738.21875), (4, -480217.8125), (13, -633492.25), (19, -3967661.75), (0, -4784395.0), (16, -6538139.0), (9, -7919335.5)])
NASWOT
OrderedDict([(19, 819.5372528290525), (16, 817.7002106802504), (0, 817.5175935254296), (18, 814.0920786403951), (4, 812.4109147306243), (9, 812.0684028104815), (12, 804.6521417148168), (13, 801.3292969666225), (11, 797.9131366544648), (6, 796.1076955793973), (8, 795.8644677125179), (7, 795.6516013533889), (5, 795.5005898377331), (10, 794.9409040710198), (3, 794.7245255287086), (2, 793.6464627221585), (15, 793.3785311209189), (1, 792.9220831444273), (14, 792.7582706571422), (17, 792.6634297990936)])
te_nas
OrderedDict([(6, -721883.125), (4, -801483.3125), (16, -809361.6875), (8, -825165.25), (13, -832479.5625), (9, -833983.75), (18, -903289.8125), (12, -971876.375), (15, -1059349.625), (10, -1071519.625), (0, -1088231.5), (2, -1090766.625), (14, -1113753.5), (5, -1115611.5), (1, -1185401.0), (3, -1199320.5), (11, -1291869.875), (19, -1314105.5), (17, -1330609.875), (7, -1386682.125)])
save ranking_checkpoint to /home/zzy/TF_TAS/OUTPUT/search/ranking_checkpoint-100cands.pth
{'snip': OrderedDict([(16, 14731.630859375), (0, 12918.794921875), (9, 12793.8505859375), (4, 12523.861328125), (18, 12499.18359375), (19, 12409.787109375), (5, 8404.939453125), (13, 8209.6298828125), (14, 8162.46533203125), (10, 7844.0419921875), (8, 7832.0673828125), (6, 7311.31591796875), (2, 7289.13720703125), (17, 7243.93994140625), (12, 7116.25146484375), (11, 7097.95703125), (1, 6738.51171875), (7, 6598.2822265625), (3, 6263.7431640625), (15, 6145.36669921875)]), 'grasp': OrderedDict([(5, 165318.96875), (12, 24326.873046875), (18, 11375.9443359375), (8, 7509.69677734375), (6, -3690.345458984375), (14, -8205.326171875), (2, -8424.58984375), (15, -8952.5791015625), (7, -12477.990234375), (3, -25680.673828125), (17, -39103.19921875), (10, -46619.64453125), (1, -93905.640625), (11, -216738.21875), (4, -480217.8125), (13, -633492.25), (19, -3967661.75), (0, -4784395.0), (16, -6538139.0), (9, -7919335.5)]), 'NASWOT': OrderedDict([(19, 819.5372528290525), (16, 817.7002106802504), (0, 817.5175935254296), (18, 814.0920786403951), (4, 812.4109147306243), (9, 812.0684028104815), (12, 804.6521417148168), (13, 801.3292969666225), (11, 797.9131366544648), (6, 796.1076955793973), (8, 795.8644677125179), (7, 795.6516013533889), (5, 795.5005898377331), (10, 794.9409040710198), (3, 794.7245255287086), (2, 793.6464627221585), (15, 793.3785311209189), (1, 792.9220831444273), (14, 792.7582706571422), (17, 792.6634297990936)]), 'te_nas': OrderedDict([(6, -721883.125), (4, -801483.3125), (16, -809361.6875), (8, -825165.25), (13, -832479.5625), (9, -833983.75), (18, -903289.8125), (12, -971876.375), (15, -1059349.625), (10, -1071519.625), (0, -1088231.5), (2, -1090766.625), (14, -1113753.5), (5, -1115611.5), (1, -1185401.0), (3, -1199320.5), (11, -1291869.875), (19, -1314105.5), (17, -1330609.875), (7, -1386682.125)])}
total searching time = 0.57 hours
